0 verbose cli /usr/bin/node /usr/bin/npm
1 info using npm@8.19.2
2 info using node@v16.18.1
3 timing npm:load:whichnode Completed in 2ms
4 timing config:load:defaults Completed in 4ms
5 timing config:load:file:/usr/lib/node_modules/npm/npmrc Completed in 3ms
6 timing config:load:builtin Completed in 3ms
7 timing config:load:cli Completed in 5ms
8 timing config:load:env Completed in 1ms
9 timing config:load:project Completed in 2ms
10 timing config:load:file:/root/.npmrc Completed in 1ms
11 timing config:load:user Completed in 1ms
12 timing config:load:file:/usr/etc/npmrc Completed in 3ms
13 timing config:load:global Completed in 4ms
14 timing config:load:validate Completed in 1ms
15 timing config:load:credentials Completed in 2ms
16 timing config:load:setEnvs Completed in 2ms
17 timing config:load Completed in 25ms
18 timing npm:load:configload Completed in 26ms
19 timing npm:load:mkdirpcache Completed in 2ms
20 timing npm:load:mkdirplogs Completed in 1ms
21 verbose title npm install create-react-app
22 verbose argv "install" "--global" "create-react-app"
23 timing npm:load:setTitle Completed in 3ms
24 timing config:load:flatten Completed in 8ms
25 timing npm:load:display Completed in 13ms
26 verbose logfile logs-max:10 dir:/root/.npm/_logs
27 verbose logfile /root/.npm/_logs/2023-02-19T22_05_35_256Z-debug-0.log
28 timing npm:load:logFile Completed in 12ms
29 timing npm:load:timers Completed in 1ms
30 timing npm:load:configScope Completed in 0ms
31 timing npm:load Completed in 62ms
32 timing arborist:ctor Completed in 2ms
33 silly logfile done cleaning log files
34 timing idealTree:init Completed in 18ms
35 timing idealTree:userRequests Completed in 7ms
36 silly idealTree buildDeps
37 silly fetch manifest create-react-app@*
38 http fetch GET 200 https://registry.npmjs.org/create-react-app 46ms (cache hit)
39 silly placeDep ROOT create-react-app@5.0.1 OK for:  want: *
40 silly fetch manifest chalk@^4.1.2
41 silly fetch manifest commander@^4.1.1
42 silly fetch manifest cross-spawn@^7.0.3
43 silly fetch manifest envinfo@^7.8.1
44 silly fetch manifest fs-extra@^10.0.0
45 silly fetch manifest hyperquest@^2.1.3
46 silly fetch manifest prompts@^2.4.2
47 silly fetch manifest semver@^7.3.5
48 silly fetch manifest tar-pack@^3.4.1
49 silly fetch manifest tmp@^0.2.1
50 silly fetch manifest validate-npm-package-name@^3.0.0
51 http fetch GET 200 https://registry.npmjs.org/chalk 93ms (cache hit)
52 http fetch GET 200 https://registry.npmjs.org/commander 96ms (cache hit)
53 http fetch GET 200 https://registry.npmjs.org/fs-extra 104ms (cache hit)
54 http fetch GET 200 https://registry.npmjs.org/hyperquest 108ms (cache hit)
55 http fetch GET 200 https://registry.npmjs.org/envinfo 114ms (cache hit)
56 http fetch GET 200 https://registry.npmjs.org/cross-spawn 118ms (cache hit)
57 http fetch GET 200 https://registry.npmjs.org/prompts 114ms (cache hit)
58 http fetch GET 200 https://registry.npmjs.org/semver 114ms (cache hit)
59 http fetch GET 200 https://registry.npmjs.org/tar-pack 115ms (cache hit)
60 http fetch GET 200 https://registry.npmjs.org/tmp 114ms (cache hit)
61 http fetch GET 200 https://registry.npmjs.org/validate-npm-package-name 115ms (cache hit)
62 timing idealTree:#root Completed in 213ms
63 silly placeDep node_modules/create-react-app chalk@4.1.2 OK for: create-react-app@5.0.1 want: ^4.1.2
64 silly placeDep node_modules/create-react-app commander@4.1.1 OK for: create-react-app@5.0.1 want: ^4.1.1
65 silly placeDep node_modules/create-react-app cross-spawn@7.0.3 OK for: create-react-app@5.0.1 want: ^7.0.3
66 silly placeDep node_modules/create-react-app envinfo@7.8.1 OK for: create-react-app@5.0.1 want: ^7.8.1
67 silly placeDep node_modules/create-react-app fs-extra@10.1.0 OK for: create-react-app@5.0.1 want: ^10.0.0
68 silly placeDep node_modules/create-react-app hyperquest@2.1.3 OK for: create-react-app@5.0.1 want: ^2.1.3
69 silly placeDep node_modules/create-react-app prompts@2.4.2 OK for: create-react-app@5.0.1 want: ^2.4.2
70 silly placeDep node_modules/create-react-app semver@7.3.8 OK for: create-react-app@5.0.1 want: ^7.3.5
71 silly placeDep node_modules/create-react-app tar-pack@3.4.1 OK for: create-react-app@5.0.1 want: ^3.4.1
72 silly placeDep node_modules/create-react-app tmp@0.2.1 OK for: create-react-app@5.0.1 want: ^0.2.1
73 silly placeDep node_modules/create-react-app validate-npm-package-name@3.0.0 OK for: create-react-app@5.0.1 want: ^3.0.0
74 silly fetch manifest ansi-styles@^4.1.0
75 silly fetch manifest supports-color@^7.1.0
76 silly fetch manifest path-key@^3.1.0
77 silly fetch manifest shebang-command@^2.0.0
78 silly fetch manifest which@^2.0.1
79 silly fetch manifest graceful-fs@^4.2.0
80 silly fetch manifest jsonfile@^6.0.1
81 silly fetch manifest universalify@^2.0.0
82 silly fetch manifest buffer-from@^0.1.1
83 silly fetch manifest duplexer2@~0.0.2
84 silly fetch manifest through2@~0.6.3
85 silly fetch manifest kleur@^3.0.3
86 silly fetch manifest sisteransi@^1.0.5
87 silly fetch manifest lru-cache@^6.0.0
88 silly fetch manifest debug@^2.2.0
89 silly fetch manifest fstream@^1.0.10
90 silly fetch manifest fstream-ignore@^1.0.5
91 silly fetch manifest once@^1.3.3
92 silly fetch manifest readable-stream@^2.1.4
93 silly fetch manifest rimraf@^2.5.1
94 silly fetch manifest tar@^2.2.1
95 silly fetch manifest uid-number@^0.0.6
96 silly fetch manifest rimraf@^3.0.0
97 silly fetch manifest builtins@^1.0.3
98 http fetch GET 200 https://registry.npmjs.org/ansi-styles 147ms (cache hit)
99 http fetch GET 200 https://registry.npmjs.org/path-key 147ms (cache hit)
100 http fetch GET 200 https://registry.npmjs.org/supports-color 149ms (cache hit)
101 http fetch GET 200 https://registry.npmjs.org/which 149ms (cache hit)
102 http fetch GET 200 https://registry.npmjs.org/graceful-fs 153ms (cache hit)
103 http fetch GET 200 https://registry.npmjs.org/jsonfile 153ms (cache hit)
104 http fetch GET 200 https://registry.npmjs.org/shebang-command 159ms (cache hit)
105 http fetch GET 200 https://registry.npmjs.org/universalify 161ms (cache hit)
106 http fetch GET 200 https://registry.npmjs.org/buffer-from 160ms (cache hit)
107 http fetch GET 200 https://registry.npmjs.org/duplexer2 161ms (cache hit)
108 http fetch GET 200 https://registry.npmjs.org/kleur 157ms (cache hit)
109 http fetch GET 200 https://registry.npmjs.org/through2 162ms (cache hit)
110 http fetch GET 200 https://registry.npmjs.org/sisteransi 160ms (cache hit)
111 http fetch GET 200 https://registry.npmjs.org/lru-cache 159ms (cache hit)
112 http fetch GET 200 https://registry.npmjs.org/fstream 160ms (cache hit)
113 http fetch GET 200 https://registry.npmjs.org/debug 163ms (cache hit)
114 http fetch GET 200 https://registry.npmjs.org/fstream-ignore 168ms (cache hit)
115 http fetch GET 200 https://registry.npmjs.org/once 169ms (cache hit)
116 http fetch GET 200 https://registry.npmjs.org/readable-stream 165ms (cache hit)
117 http fetch GET 200 https://registry.npmjs.org/rimraf 169ms (cache hit)
118 http fetch GET 200 https://registry.npmjs.org/uid-number 170ms (cache hit)
119 http fetch GET 200 https://registry.npmjs.org/tar 174ms (cache hit)
120 http fetch GET 200 https://registry.npmjs.org/rimraf 177ms (cache hit)
121 http fetch GET 200 https://registry.npmjs.org/builtins 178ms (cache hit)
122 timing idealTree:node_modules/create-react-app Completed in 266ms
123 silly placeDep node_modules/create-react-app ansi-styles@4.3.0 OK for: chalk@4.1.2 want: ^4.1.0
124 silly placeDep node_modules/create-react-app supports-color@7.2.0 OK for: chalk@4.1.2 want: ^7.1.0
125 silly fetch manifest color-convert@^2.0.1
126 silly fetch manifest has-flag@^4.0.0
127 http fetch GET 200 https://registry.npmjs.org/color-convert 18ms (cache hit)
128 http fetch GET 200 https://registry.npmjs.org/has-flag 16ms (cache hit)
129 timing idealTree:node_modules/create-react-app/node_modules/chalk Completed in 29ms
130 silly placeDep node_modules/create-react-app color-convert@2.0.1 OK for: ansi-styles@4.3.0 want: ^2.0.1
131 silly fetch manifest color-name@~1.1.4
132 http fetch GET 200 https://registry.npmjs.org/color-name 7ms (cache hit)
133 timing idealTree:node_modules/create-react-app/node_modules/ansi-styles Completed in 13ms
134 silly placeDep node_modules/create-react-app color-name@1.1.4 OK for: color-convert@2.0.1 want: ~1.1.4
135 timing idealTree:node_modules/create-react-app/node_modules/color-convert Completed in 3ms
136 timing idealTree:node_modules/create-react-app/node_modules/color-name Completed in 0ms
137 timing idealTree:node_modules/create-react-app/node_modules/commander Completed in 0ms
138 silly placeDep node_modules/create-react-app path-key@3.1.1 OK for: cross-spawn@7.0.3 want: ^3.1.0
139 silly placeDep node_modules/create-react-app shebang-command@2.0.0 OK for: cross-spawn@7.0.3 want: ^2.0.0
140 silly placeDep node_modules/create-react-app which@2.0.2 OK for: cross-spawn@7.0.3 want: ^2.0.1
141 silly fetch manifest shebang-regex@^3.0.0
142 silly fetch manifest isexe@^2.0.0
143 http fetch GET 200 https://registry.npmjs.org/shebang-regex 26ms (cache hit)
144 http fetch GET 200 https://registry.npmjs.org/isexe 29ms (cache hit)
145 timing idealTree:node_modules/create-react-app/node_modules/cross-spawn Completed in 43ms
146 timing idealTree:node_modules/create-react-app/node_modules/envinfo Completed in 0ms
147 silly placeDep node_modules/create-react-app graceful-fs@4.2.10 OK for: fs-extra@10.1.0 want: ^4.2.0
148 silly placeDep node_modules/create-react-app jsonfile@6.1.0 OK for: fs-extra@10.1.0 want: ^6.0.1
149 silly placeDep node_modules/create-react-app universalify@2.0.0 OK for: fs-extra@10.1.0 want: ^2.0.0
150 timing idealTree:node_modules/create-react-app/node_modules/fs-extra Completed in 10ms
151 timing idealTree:node_modules/create-react-app/node_modules/graceful-fs Completed in 1ms
152 silly placeDep node_modules/create-react-app buffer-from@0.1.2 OK for: hyperquest@2.1.3 want: ^0.1.1
153 silly placeDep node_modules/create-react-app duplexer2@0.0.2 OK for: hyperquest@2.1.3 want: ~0.0.2
154 silly placeDep node_modules/create-react-app through2@0.6.5 OK for: hyperquest@2.1.3 want: ~0.6.3
155 silly fetch manifest readable-stream@~1.1.9
156 silly fetch manifest readable-stream@>=1.0.33-1 <1.1.0-0
157 silly fetch manifest xtend@>=4.0.0 <4.1.0-0
158 http fetch GET 200 https://registry.npmjs.org/xtend 23ms (cache hit)
159 timing idealTree:node_modules/create-react-app/node_modules/hyperquest Completed in 38ms
160 timing idealTree:node_modules/create-react-app/node_modules/buffer-from Completed in 0ms
161 silly placeDep node_modules/create-react-app readable-stream@1.1.14 OK for: duplexer2@0.0.2 want: ~1.1.9
162 silly fetch manifest core-util-is@~1.0.0
163 silly fetch manifest isarray@0.0.1
164 silly fetch manifest string_decoder@~0.10.x
165 silly fetch manifest inherits@~2.0.1
166 http fetch GET 200 https://registry.npmjs.org/core-util-is 22ms (cache hit)
167 http fetch GET 200 https://registry.npmjs.org/isarray 20ms (cache hit)
168 http fetch GET 200 https://registry.npmjs.org/string_decoder 20ms (cache hit)
169 http fetch GET 200 https://registry.npmjs.org/inherits 20ms (cache hit)
170 timing idealTree:node_modules/create-react-app/node_modules/duplexer2 Completed in 33ms
171 timing idealTree:node_modules/create-react-app/node_modules/jsonfile Completed in 0ms
172 timing idealTree:node_modules/create-react-app/node_modules/path-key Completed in 0ms
173 silly placeDep node_modules/create-react-app kleur@3.0.3 OK for: prompts@2.4.2 want: ^3.0.3
174 silly placeDep node_modules/create-react-app sisteransi@1.0.5 OK for: prompts@2.4.2 want: ^1.0.5
175 timing idealTree:node_modules/create-react-app/node_modules/prompts Completed in 5ms
176 timing idealTree:node_modules/create-react-app/node_modules/kleur Completed in 0ms
177 silly placeDep node_modules/create-react-app core-util-is@1.0.3 OK for: readable-stream@1.1.14 want: ~1.0.0
178 silly placeDep node_modules/create-react-app inherits@2.0.4 OK for: readable-stream@1.1.14 want: ~2.0.1
179 silly placeDep node_modules/create-react-app isarray@0.0.1 OK for: readable-stream@1.1.14 want: 0.0.1
180 silly placeDep node_modules/create-react-app string_decoder@0.10.31 OK for: readable-stream@1.1.14 want: ~0.10.x
181 timing idealTree:node_modules/create-react-app/node_modules/readable-stream Completed in 9ms
182 timing idealTree:node_modules/create-react-app/node_modules/core-util-is Completed in 0ms
183 timing idealTree:node_modules/create-react-app/node_modules/inherits Completed in 0ms
184 timing idealTree:node_modules/create-react-app/node_modules/isarray Completed in 0ms
185 silly placeDep node_modules/create-react-app lru-cache@6.0.0 OK for: semver@7.3.8 want: ^6.0.0
186 silly fetch manifest yallist@^4.0.0
187 http fetch GET 200 https://registry.npmjs.org/yallist 7ms (cache hit)
188 timing idealTree:node_modules/create-react-app/node_modules/semver Completed in 12ms
189 silly placeDep node_modules/create-react-app yallist@4.0.0 OK for: lru-cache@6.0.0 want: ^4.0.0
190 timing idealTree:node_modules/create-react-app/node_modules/lru-cache Completed in 2ms
191 silly placeDep node_modules/create-react-app shebang-regex@3.0.0 OK for: shebang-command@2.0.0 want: ^3.0.0
192 timing idealTree:node_modules/create-react-app/node_modules/shebang-command Completed in 3ms
193 timing idealTree:node_modules/create-react-app/node_modules/shebang-regex Completed in 0ms
194 timing idealTree:node_modules/create-react-app/node_modules/sisteransi Completed in 0ms
195 timing idealTree:node_modules/create-react-app/node_modules/string_decoder Completed in 0ms
196 silly placeDep node_modules/create-react-app has-flag@4.0.0 OK for: supports-color@7.2.0 want: ^4.0.0
197 timing idealTree:node_modules/create-react-app/node_modules/supports-color Completed in 2ms
198 timing idealTree:node_modules/create-react-app/node_modules/has-flag Completed in 0ms
199 silly placeDep node_modules/create-react-app debug@2.6.9 OK for: tar-pack@3.4.1 want: ^2.2.0
200 silly placeDep node_modules/create-react-app fstream@1.0.12 OK for: tar-pack@3.4.1 want: ^1.0.10
201 silly placeDep node_modules/create-react-app fstream-ignore@1.0.5 OK for: tar-pack@3.4.1 want: ^1.0.5
202 silly placeDep node_modules/create-react-app once@1.4.0 OK for: tar-pack@3.4.1 want: ^1.3.3
203 silly placeDep node_modules/create-react-app/node_modules/tar-pack readable-stream@2.3.7 OK for: tar-pack@3.4.1 want: ^2.1.4
204 silly placeDep node_modules/create-react-app rimraf@2.7.1 OK for: tar-pack@3.4.1 want: ^2.5.1
205 silly placeDep node_modules/create-react-app tar@2.2.2 OK for: tar-pack@3.4.1 want: ^2.2.1
206 silly placeDep node_modules/create-react-app uid-number@0.0.6 OK for: tar-pack@3.4.1 want: ^0.0.6
207 silly fetch manifest ms@2.0.0
208 silly fetch manifest mkdirp@>=0.5 0
209 silly fetch manifest minimatch@^3.0.0
210 silly fetch manifest wrappy@1
211 silly fetch manifest isarray@~1.0.0
212 silly fetch manifest process-nextick-args@~2.0.0
213 silly fetch manifest safe-buffer@~5.1.1
214 silly fetch manifest string_decoder@~1.1.1
215 silly fetch manifest util-deprecate@~1.0.1
216 silly fetch manifest glob@^7.1.3
217 silly fetch manifest block-stream@*
218 http fetch GET 200 https://registry.npmjs.org/minimatch 56ms (cache hit)
219 http fetch GET 200 https://registry.npmjs.org/wrappy 60ms (cache hit)
220 http fetch GET 200 https://registry.npmjs.org/ms 65ms (cache hit)
221 http fetch GET 200 https://registry.npmjs.org/mkdirp 65ms (cache hit)
222 http fetch GET 200 https://registry.npmjs.org/safe-buffer 66ms (cache hit)
223 http fetch GET 200 https://registry.npmjs.org/process-nextick-args 69ms (cache hit)
224 http fetch GET 200 https://registry.npmjs.org/util-deprecate 68ms (cache hit)
225 http fetch GET 200 https://registry.npmjs.org/block-stream 66ms (cache hit)
226 http fetch GET 200 https://registry.npmjs.org/glob 68ms (cache hit)
227 timing idealTree:node_modules/create-react-app/node_modules/tar-pack Completed in 111ms
228 silly placeDep node_modules/create-react-app ms@2.0.0 OK for: debug@2.6.9 want: 2.0.0
229 timing idealTree:node_modules/create-react-app/node_modules/debug Completed in 3ms
230 silly placeDep node_modules/create-react-app mkdirp@0.5.6 OK for: fstream@1.0.12 want: >=0.5 0
231 silly fetch manifest minimist@^1.2.6
232 http fetch GET 200 https://registry.npmjs.org/minimist 6ms (cache hit)
233 timing idealTree:node_modules/create-react-app/node_modules/fstream Completed in 13ms
234 silly placeDep node_modules/create-react-app minimatch@3.1.2 OK for: fstream-ignore@1.0.5 want: ^3.0.0
235 silly fetch manifest brace-expansion@^1.1.7
236 http fetch GET 200 https://registry.npmjs.org/brace-expansion 6ms (cache hit)
237 timing idealTree:node_modules/create-react-app/node_modules/fstream-ignore Completed in 13ms
238 silly placeDep node_modules/create-react-app brace-expansion@1.1.11 OK for: minimatch@3.1.2 want: ^1.1.7
239 silly fetch manifest balanced-match@^1.0.0
240 silly fetch manifest concat-map@0.0.1
241 http fetch GET 200 https://registry.npmjs.org/balanced-match 15ms (cache hit)
242 http fetch GET 200 https://registry.npmjs.org/concat-map 15ms (cache hit)
243 timing idealTree:node_modules/create-react-app/node_modules/minimatch Completed in 22ms
244 silly placeDep node_modules/create-react-app balanced-match@1.0.2 OK for: brace-expansion@1.1.11 want: ^1.0.0
245 silly placeDep node_modules/create-react-app concat-map@0.0.1 OK for: brace-expansion@1.1.11 want: 0.0.1
246 timing idealTree:node_modules/create-react-app/node_modules/brace-expansion Completed in 13ms
247 timing idealTree:node_modules/create-react-app/node_modules/balanced-match Completed in 0ms
248 timing idealTree:node_modules/create-react-app/node_modules/concat-map Completed in 0ms
249 silly placeDep node_modules/create-react-app minimist@1.2.8 OK for: mkdirp@0.5.6 want: ^1.2.6
250 timing idealTree:node_modules/create-react-app/node_modules/mkdirp Completed in 3ms
251 timing idealTree:node_modules/create-react-app/node_modules/minimist Completed in 0ms
252 timing idealTree:node_modules/create-react-app/node_modules/ms Completed in 0ms
253 silly placeDep node_modules/create-react-app wrappy@1.0.2 OK for: once@1.4.0 want: 1
254 timing idealTree:node_modules/create-react-app/node_modules/once Completed in 3ms
255 silly placeDep node_modules/create-react-app glob@7.2.3 OK for: rimraf@2.7.1 want: ^7.1.3
256 silly fetch manifest fs.realpath@^1.0.0
257 silly fetch manifest inflight@^1.0.4
258 silly fetch manifest path-is-absolute@^1.0.0
259 http fetch GET 200 https://registry.npmjs.org/fs.realpath 29ms (cache hit)
260 http fetch GET 200 https://registry.npmjs.org/inflight 27ms (cache hit)
261 http fetch GET 200 https://registry.npmjs.org/path-is-absolute 27ms (cache hit)
262 timing idealTree:node_modules/create-react-app/node_modules/rimraf Completed in 38ms
263 silly placeDep node_modules/create-react-app fs.realpath@1.0.0 OK for: glob@7.2.3 want: ^1.0.0
264 silly placeDep node_modules/create-react-app inflight@1.0.6 OK for: glob@7.2.3 want: ^1.0.4
265 silly placeDep node_modules/create-react-app path-is-absolute@1.0.1 OK for: glob@7.2.3 want: ^1.0.0
266 timing idealTree:node_modules/create-react-app/node_modules/glob Completed in 6ms
267 timing idealTree:node_modules/create-react-app/node_modules/fs.realpath Completed in 0ms
268 timing idealTree:node_modules/create-react-app/node_modules/inflight Completed in 0ms
269 timing idealTree:node_modules/create-react-app/node_modules/path-is-absolute Completed in 0ms
270 silly placeDep node_modules/create-react-app block-stream@0.0.9 OK for: tar@2.2.2 want: *
271 timing idealTree:node_modules/create-react-app/node_modules/tar Completed in 2ms
272 timing idealTree:node_modules/create-react-app/node_modules/block-stream Completed in 0ms
273 silly placeDep node_modules/create-react-app/node_modules/through2 readable-stream@1.0.34 OK for: through2@0.6.5 want: >=1.0.33-1 <1.1.0-0
274 silly placeDep node_modules/create-react-app xtend@4.0.2 OK for: through2@0.6.5 want: >=4.0.0 <4.1.0-0
275 timing idealTree:node_modules/create-react-app/node_modules/through2 Completed in 5ms
276 silly placeDep node_modules/create-react-app/node_modules/tmp rimraf@3.0.2 OK for: tmp@0.2.1 want: ^3.0.0
277 timing idealTree:node_modules/create-react-app/node_modules/tmp Completed in 3ms
278 timing idealTree:node_modules/create-react-app/node_modules/uid-number Completed in 0ms
279 timing idealTree:node_modules/create-react-app/node_modules/universalify Completed in 0ms
280 silly placeDep node_modules/create-react-app builtins@1.0.3 OK for: validate-npm-package-name@3.0.0 want: ^1.0.3
281 timing idealTree:node_modules/create-react-app/node_modules/validate-npm-package-name Completed in 2ms
282 timing idealTree:node_modules/create-react-app/node_modules/builtins Completed in 0ms
283 silly placeDep node_modules/create-react-app isexe@2.0.0 OK for: which@2.0.2 want: ^2.0.0
284 timing idealTree:node_modules/create-react-app/node_modules/which Completed in 2ms
285 timing idealTree:node_modules/create-react-app/node_modules/isexe Completed in 0ms
286 timing idealTree:node_modules/create-react-app/node_modules/wrappy Completed in 0ms
287 timing idealTree:node_modules/create-react-app/node_modules/xtend Completed in 0ms
288 timing idealTree:node_modules/create-react-app/node_modules/yallist Completed in 0ms
289 silly placeDep node_modules/create-react-app/node_modules/tar-pack isarray@1.0.0 OK for: readable-stream@2.3.7 want: ~1.0.0
290 silly placeDep node_modules/create-react-app process-nextick-args@2.0.1 OK for: readable-stream@2.3.7 want: ~2.0.0
291 silly placeDep node_modules/create-react-app safe-buffer@5.1.2 OK for: readable-stream@2.3.7 want: ~5.1.1
292 silly placeDep node_modules/create-react-app/node_modules/tar-pack string_decoder@1.1.1 OK for: readable-stream@2.3.7 want: ~1.1.1
293 silly placeDep node_modules/create-react-app util-deprecate@1.0.2 OK for: readable-stream@2.3.7 want: ~1.0.1
294 timing idealTree:node_modules/create-react-app/node_modules/tar-pack/node_modules/readable-stream Completed in 12ms
295 timing idealTree:node_modules/create-react-app/node_modules/process-nextick-args Completed in 0ms
296 timing idealTree:node_modules/create-react-app/node_modules/safe-buffer Completed in 0ms
297 timing idealTree:node_modules/create-react-app/node_modules/util-deprecate Completed in 0ms
298 timing idealTree:node_modules/create-react-app/node_modules/tar-pack/node_modules/isarray Completed in 0ms
299 timing idealTree:node_modules/create-react-app/node_modules/tar-pack/node_modules/string_decoder Completed in 0ms
300 timing idealTree:node_modules/create-react-app/node_modules/through2/node_modules/readable-stream Completed in 0ms
301 timing idealTree:node_modules/create-react-app/node_modules/tmp/node_modules/rimraf Completed in 0ms
302 timing idealTree:buildDeps Completed in 953ms
303 timing idealTree:fixDepFlags Completed in 4ms
304 timing idealTree Completed in 986ms
305 timing reify:loadTrees Completed in 1090ms
306 timing reify:diffTrees Completed in 21ms
307 silly reify mark retired [
307 silly reify   '/usr/local/lib/node_modules/create-react-app',
307 silly reify   '/usr/local/bin/create-react-app'
307 silly reify ]
308 silly reify moves {
308 silly reify   '/usr/local/lib/node_modules/create-react-app': '/usr/local/lib/node_modules/.create-react-app-DgI96EzL',
308 silly reify   '/usr/local/bin/create-react-app': '/usr/local/bin/.create-react-app-VuBppijc'
308 silly reify }
309 timing reify:retireShallow Completed in 14ms
310 timing reify:createSparse Completed in 84ms
311 timing reify:loadBundles Completed in 0ms
312 silly audit bulk request {
312 silly audit   'create-react-app': [ '5.0.1' ],
312 silly audit   chalk: [ '4.1.2' ],
312 silly audit   commander: [ '4.1.1' ],
312 silly audit   'cross-spawn': [ '7.0.3' ],
312 silly audit   envinfo: [ '7.8.1' ],
312 silly audit   'fs-extra': [ '10.1.0' ],
312 silly audit   hyperquest: [ '2.1.3' ],
312 silly audit   prompts: [ '2.4.2' ],
312 silly audit   semver: [ '7.3.8' ],
312 silly audit   'tar-pack': [ '3.4.1' ],
312 silly audit   tmp: [ '0.2.1' ],
312 silly audit   'validate-npm-package-name': [ '3.0.0' ],
312 silly audit   'ansi-styles': [ '4.3.0' ],
312 silly audit   'supports-color': [ '7.2.0' ],
312 silly audit   'color-convert': [ '2.0.1' ],
312 silly audit   'color-name': [ '1.1.4' ],
312 silly audit   'path-key': [ '3.1.1' ],
312 silly audit   'shebang-command': [ '2.0.0' ],
312 silly audit   which: [ '2.0.2' ],
312 silly audit   'graceful-fs': [ '4.2.10' ],
312 silly audit   jsonfile: [ '6.1.0' ],
312 silly audit   universalify: [ '2.0.0' ],
312 silly audit   'buffer-from': [ '0.1.2' ],
312 silly audit   duplexer2: [ '0.0.2' ],
312 silly audit   through2: [ '0.6.5' ],
312 silly audit   'readable-stream': [ '1.1.14', '2.3.7', '1.0.34' ],
312 silly audit   kleur: [ '3.0.3' ],
312 silly audit   sisteransi: [ '1.0.5' ],
312 silly audit   'core-util-is': [ '1.0.3' ],
312 silly audit   inherits: [ '2.0.4' ],
312 silly audit   isarray: [ '0.0.1', '1.0.0' ],
312 silly audit   string_decoder: [ '0.10.31', '1.1.1' ],
312 silly audit   'lru-cache': [ '6.0.0' ],
312 silly audit   yallist: [ '4.0.0' ],
312 silly audit   'shebang-regex': [ '3.0.0' ],
312 silly audit   'has-flag': [ '4.0.0' ],
312 silly audit   debug: [ '2.6.9' ],
312 silly audit   fstream: [ '1.0.12' ],
312 silly audit   'fstream-ignore': [ '1.0.5' ],
312 silly audit   once: [ '1.4.0' ],
312 silly audit   rimraf: [ '2.7.1', '3.0.2' ],
312 silly audit   tar: [ '2.2.2' ],
312 silly audit   'uid-number': [ '0.0.6' ],
312 silly audit   ms: [ '2.0.0' ],
312 silly audit   mkdirp: [ '0.5.6' ],
312 silly audit   minimatch: [ '3.1.2' ],
312 silly audit   'brace-expansion': [ '1.1.11' ],
312 silly audit   'balanced-match': [ '1.0.2' ],
312 silly audit   'concat-map': [ '0.0.1' ],
312 silly audit   minimist: [ '1.2.8' ],
312 silly audit   wrappy: [ '1.0.2' ],
312 silly audit   glob: [ '7.2.3' ],
312 silly audit   'fs.realpath': [ '1.0.0' ],
312 silly audit   inflight: [ '1.0.6' ],
312 silly audit   'path-is-absolute': [ '1.0.1' ],
312 silly audit   'block-stream': [ '0.0.9' ],
312 silly audit   xtend: [ '4.0.2' ],
312 silly audit   builtins: [ '1.0.3' ],
312 silly audit   isexe: [ '2.0.0' ],
312 silly audit   'process-nextick-args': [ '2.0.1' ],
312 silly audit   'safe-buffer': [ '5.1.2' ],
312 silly audit   'util-deprecate': [ '1.0.2' ]
312 silly audit }
313 http fetch POST 200 https://registry.npmjs.org/-/npm/v1/security/advisories/bulk 430ms
314 timing auditReport:getReport Completed in 437ms
315 silly audit report {
315 silly audit report   tar: [
315 silly audit report     {
315 silly audit report       id: 1089663,
315 silly audit report       url: 'https://github.com/advisories/GHSA-5955-9wpr-37jh',
315 silly audit report       title: 'Arbitrary File Creation/Overwrite on Windows via insufficient relative path sanitization',
315 silly audit report       severity: 'high',
315 silly audit report       vulnerable_versions: '<4.4.18',
315 silly audit report       cwe: [Array],
315 silly audit report       cvss: [Object]
315 silly audit report     },
315 silly audit report     {
315 silly audit report       id: 1089685,
315 silly audit report       url: 'https://github.com/advisories/GHSA-3jfq-g458-7qm9',
315 silly audit report       title: 'Arbitrary File Creation/Overwrite due to insufficient absolute path sanitization',
315 silly audit report       severity: 'high',
315 silly audit report       vulnerable_versions: '<3.2.2',
315 silly audit report       cwe: [Array],
315 silly audit report       cvss: [Object]
315 silly audit report     },
315 silly audit report     {
315 silly audit report       id: 1088782,
315 silly audit report       url: 'https://github.com/advisories/GHSA-r628-mhmh-qjhw',
315 silly audit report       title: 'Arbitrary File Creation/Overwrite via insufficient symlink protection due to directory cache poisoning',
315 silly audit report       severity: 'high',
315 silly audit report       vulnerable_versions: '<3.2.3',
315 silly audit report       cwe: [Array],
315 silly audit report       cvss: [Object]
315 silly audit report     },
315 silly audit report     {
315 silly audit report       id: 1089138,
315 silly audit report       url: 'https://github.com/advisories/GHSA-qq89-hq3f-393p',
315 silly audit report       title: 'Arbitrary File Creation/Overwrite via insufficient symlink protection due to directory cache poisoning using symbolic links',
315 silly audit report       severity: 'high',
315 silly audit report       vulnerable_versions: '<4.4.18',
315 silly audit report       cwe: [Array],
315 silly audit report       cvss: [Object]
315 silly audit report     },
315 silly audit report     {
315 silly audit report       id: 1089141,
315 silly audit report       url: 'https://github.com/advisories/GHSA-9r2w-394v-53qc',
315 silly audit report       title: 'Arbitrary File Creation/Overwrite via insufficient symlink protection due to directory cache poisoning using symbolic links',
315 silly audit report       severity: 'high',
315 silly audit report       vulnerable_versions: '<4.4.16',
315 silly audit report       cwe: [Array],
315 silly audit report       cvss: [Object]
315 silly audit report     }
315 silly audit report   ]
315 silly audit report }
316 timing metavuln:packument:tar Completed in 1ms
317 timing reifyNode:node_modules/create-react-app/node_modules/wrappy Completed in 536ms
318 timing reifyNode:node_modules/create-react-app/node_modules/universalify Completed in 536ms
319 timing reifyNode:node_modules/create-react-app/node_modules/shebang-command Completed in 537ms
320 timing reifyNode:node_modules/create-react-app/node_modules/process-nextick-args Completed in 538ms
321 timing reifyNode:node_modules/create-react-app/node_modules/path-is-absolute Completed in 538ms
322 timing reifyNode:node_modules/create-react-app/node_modules/once Completed in 539ms
323 timing reifyNode:node_modules/create-react-app/node_modules/ms Completed in 539ms
324 timing reifyNode:node_modules/create-react-app/node_modules/inflight Completed in 539ms
325 timing reifyNode:node_modules/create-react-app/node_modules/fstream-ignore Completed in 541ms
326 timing reifyNode:node_modules/create-react-app/node_modules/color-name Completed in 542ms
327 timing reifyNode:node_modules/create-react-app/node_modules/buffer-from Completed in 543ms
328 timing reifyNode:node_modules/create-react-app/node_modules/brace-expansion Completed in 549ms
329 timing reifyNode:node_modules/create-react-app/node_modules/uid-number Completed in 559ms
330 timing reifyNode:node_modules/create-react-app/node_modules/through2 Completed in 559ms
331 timing reifyNode:node_modules/create-react-app/node_modules/supports-color Completed in 560ms
332 timing reifyNode:node_modules/create-react-app/node_modules/string_decoder Completed in 559ms
333 timing reifyNode:node_modules/create-react-app/node_modules/shebang-regex Completed in 560ms
334 timing reifyNode:node_modules/create-react-app/node_modules/path-key Completed in 560ms
335 timing reifyNode:node_modules/create-react-app/node_modules/lru-cache Completed in 560ms
336 timing reifyNode:node_modules/create-react-app/node_modules/kleur Completed in 560ms
337 timing reifyNode:node_modules/create-react-app/node_modules/inherits Completed in 560ms
338 timing reifyNode:node_modules/create-react-app/node_modules/has-flag Completed in 560ms
339 timing reifyNode:node_modules/create-react-app/node_modules/core-util-is Completed in 561ms
340 timing reifyNode:node_modules/create-react-app/node_modules/block-stream Completed in 561ms
341 timing reifyNode:node_modules/create-react-app/node_modules/yallist Completed in 572ms
342 timing reifyNode:node_modules/create-react-app/node_modules/util-deprecate Completed in 572ms
343 timing reifyNode:node_modules/create-react-app/node_modules/sisteransi Completed in 570ms
344 timing reifyNode:node_modules/create-react-app/node_modules/rimraf Completed in 571ms
345 timing reifyNode:node_modules/create-react-app/node_modules/isarray Completed in 571ms
346 timing reifyNode:node_modules/create-react-app/node_modules/fs.realpath Completed in 570ms
347 timing reifyNode:node_modules/create-react-app/node_modules/balanced-match Completed in 571ms
348 timing reifyNode:node_modules/create-react-app/node_modules/ansi-styles Completed in 571ms
349 timing reifyNode:node_modules/create-react-app Completed in 581ms
350 timing reifyNode:node_modules/create-react-app/node_modules/xtend Completed in 582ms
351 timing reifyNode:node_modules/create-react-app/node_modules/which Completed in 581ms
352 timing reifyNode:node_modules/create-react-app/node_modules/tar-pack/node_modules/string_decoder Completed in 580ms
353 timing reifyNode:node_modules/create-react-app/node_modules/safe-buffer Completed in 580ms
354 timing reifyNode:node_modules/create-react-app/node_modules/mkdirp Completed in 579ms
355 timing reifyNode:node_modules/create-react-app/node_modules/minimatch Completed in 580ms
356 timing reifyNode:node_modules/create-react-app/node_modules/builtins Completed in 579ms
357 timing metavuln:cache:get:security-advisory:tar:RibLZtnhLLjYiS5hxQI8DT9Vo1bTzW3M3HZ2aGQn7qyjErvD/0AN2FB9hDNnckfYPQvObr3iiufVRSPIzrQ5og== Completed in 161ms
358 timing metavuln:load:security-advisory:tar:1089663 Completed in 4ms
359 timing metavuln:calculate:security-advisory:tar:1089663 Completed in 166ms
360 timing metavuln:cache:get:security-advisory:tar:Oa066nJpV2ox85F6qnk1N5eWmAmoWAMU7byYhWk4oYfHYrQ8aGHfCKRikfcy0dHDcKWKiPRc7Nz7R9fxKkj0Yw== Completed in 165ms
361 timing metavuln:load:security-advisory:tar:1089685 Completed in 1ms
362 timing metavuln:calculate:security-advisory:tar:1089685 Completed in 166ms
363 timing metavuln:cache:get:security-advisory:tar:UQ0x0zTyGFx+qqxrFI6gsIuo0mX2xFL4syIrH7TFDa9r0L8SiBylqiI4HcJ8LZbxRYkZf3qqMMMqd16M9y+uhg== Completed in 165ms
364 timing metavuln:load:security-advisory:tar:1088782 Completed in 5ms
365 timing metavuln:calculate:security-advisory:tar:1088782 Completed in 171ms
366 timing metavuln:cache:get:security-advisory:tar:Y5X7z0ak6PyHlkI3iXvnPpFnQdVDw8XuGAeHWF6K5mtXlK3noIG3FcFbsSKfyXFtaSQHOlV2Lf0M+oFoanFWvw== Completed in 170ms
367 timing metavuln:load:security-advisory:tar:1089138 Completed in 1ms
368 timing metavuln:calculate:security-advisory:tar:1089138 Completed in 171ms
369 timing metavuln:cache:get:security-advisory:tar:EjVKBkw+Jp0A/iP0F+ZCXD19nRwyxuHwWo7umvz9JVmpKKm28CLff5JO45q5FkKVDo7P746FBgZZHOu55WvuEw== Completed in 172ms
370 timing metavuln:load:security-advisory:tar:1089141 Completed in 1ms
371 timing metavuln:calculate:security-advisory:tar:1089141 Completed in 173ms
372 timing metavuln:packument:tar-pack Completed in 1ms
373 timing reifyNode:node_modules/create-react-app/node_modules/tmp/node_modules/rimraf Completed in 604ms
374 timing reifyNode:node_modules/create-react-app/node_modules/tar-pack/node_modules/isarray Completed in 604ms
375 timing reifyNode:node_modules/create-react-app/node_modules/jsonfile Completed in 602ms
376 timing reifyNode:node_modules/create-react-app/node_modules/graceful-fs Completed in 602ms
377 timing reifyNode:node_modules/create-react-app/node_modules/concat-map Completed in 609ms
378 timing reifyNode:node_modules/create-react-app/node_modules/color-convert Completed in 610ms
379 timing reifyNode:node_modules/create-react-app/node_modules/isexe Completed in 615ms
380 timing reifyNode:node_modules/create-react-app/node_modules/duplexer2 Completed in 614ms
381 timing reifyNode:node_modules/create-react-app/node_modules/tmp Completed in 622ms
382 timing reifyNode:node_modules/create-react-app/node_modules/glob Completed in 619ms
383 timing reifyNode:node_modules/create-react-app/node_modules/chalk Completed in 619ms
384 timing reifyNode:node_modules/create-react-app/node_modules/cross-spawn Completed in 624ms
385 timing reifyNode:node_modules/create-react-app/node_modules/validate-npm-package-name Completed in 632ms
386 timing reifyNode:node_modules/create-react-app/node_modules/commander Completed in 628ms
387 timing reifyNode:node_modules/create-react-app/node_modules/envinfo Completed in 639ms
388 timing metavuln:cache:get:security-advisory:tar-pack:P+Qny0HSnG2vc0wNVjQpqCVs2oUSJTdfn3QRw6Z7zbfmuHivDHBCiae0PYWARJC0EXji9ZYbb843mJk2B08Aow== Completed in 43ms
389 timing metavuln:load:security-advisory:tar-pack:RibLZtnhLLjYiS5hxQI8DT9Vo1bTzW3M3HZ2aGQn7qyjErvD/0AN2FB9hDNnckfYPQvObr3iiufVRSPIzrQ5og== Completed in 1ms
390 timing metavuln:calculate:security-advisory:tar-pack:RibLZtnhLLjYiS5hxQI8DT9Vo1bTzW3M3HZ2aGQn7qyjErvD/0AN2FB9hDNnckfYPQvObr3iiufVRSPIzrQ5og== Completed in 44ms
391 timing auditReport:init Completed in 226ms
392 timing reify:audit Completed in 666ms
393 timing reifyNode:node_modules/create-react-app/node_modules/through2/node_modules/readable-stream Completed in 663ms
394 timing reifyNode:node_modules/create-react-app/node_modules/tar-pack Completed in 663ms
395 timing reifyNode:node_modules/create-react-app/node_modules/readable-stream Completed in 670ms
396 timing reifyNode:node_modules/create-react-app/node_modules/debug Completed in 668ms
397 timing reifyNode:node_modules/create-react-app/node_modules/hyperquest Completed in 675ms
398 timing reifyNode:node_modules/create-react-app/node_modules/fstream Completed in 687ms
399 timing reifyNode:node_modules/create-react-app/node_modules/minimist Completed in 692ms
400 timing reifyNode:node_modules/create-react-app/node_modules/tar-pack/node_modules/readable-stream Completed in 707ms
401 timing reifyNode:node_modules/create-react-app/node_modules/fs-extra Completed in 731ms
402 timing reifyNode:node_modules/create-react-app/node_modules/semver Completed in 735ms
403 timing reifyNode:node_modules/create-react-app/node_modules/prompts Completed in 772ms
404 warn deprecated tar@2.2.2: This version of tar is no longer supported, and will not receive security updates. Please upgrade asap.
405 timing reifyNode:node_modules/create-react-app/node_modules/tar Completed in 806ms
406 timing reify:unpack Completed in 810ms
407 timing reify:unretire Completed in 1ms
408 timing build:queue Completed in 11ms
409 timing build:link:node_modules/create-react-app Completed in 11ms
410 timing build:link:node_modules/create-react-app/node_modules/tmp/node_modules/rimraf Completed in 9ms
411 timing build:link:node_modules/create-react-app/node_modules/envinfo Completed in 10ms
412 timing build:link:node_modules/create-react-app/node_modules/mkdirp Completed in 10ms
413 timing build:link:node_modules/create-react-app/node_modules/rimraf Completed in 10ms
414 timing build:link:node_modules/create-react-app/node_modules/semver Completed in 9ms
415 timing build:link:node_modules/create-react-app/node_modules/which Completed in 10ms
416 timing build:link Completed in 13ms
417 timing build:deps Completed in 25ms
418 timing build Completed in 26ms
419 timing reify:build Completed in 27ms
420 timing reify:trash Completed in 196ms
421 timing reify Completed in 2294ms
422 silly CHANGE node_modules/create-react-app
423 silly CHANGE node_modules/create-react-app/node_modules/yallist
424 silly CHANGE node_modules/create-react-app/node_modules/xtend
425 silly CHANGE node_modules/create-react-app/node_modules/wrappy
426 silly CHANGE node_modules/create-react-app/node_modules/which
427 silly CHANGE node_modules/create-react-app/node_modules/validate-npm-package-name
428 silly CHANGE node_modules/create-react-app/node_modules/util-deprecate
429 silly CHANGE node_modules/create-react-app/node_modules/universalify
430 silly CHANGE node_modules/create-react-app/node_modules/uid-number
431 silly CHANGE node_modules/create-react-app/node_modules/tmp
432 silly CHANGE node_modules/create-react-app/node_modules/tmp/node_modules/rimraf
433 silly CHANGE node_modules/create-react-app/node_modules/through2
434 silly CHANGE node_modules/create-react-app/node_modules/through2/node_modules/readable-stream
435 silly CHANGE node_modules/create-react-app/node_modules/tar-pack
436 silly CHANGE node_modules/create-react-app/node_modules/tar-pack/node_modules/readable-stream
437 silly CHANGE node_modules/create-react-app/node_modules/tar-pack/node_modules/string_decoder
438 silly CHANGE node_modules/create-react-app/node_modules/tar-pack/node_modules/isarray
439 silly CHANGE node_modules/create-react-app/node_modules/tar
440 silly CHANGE node_modules/create-react-app/node_modules/supports-color
441 silly CHANGE node_modules/create-react-app/node_modules/string_decoder
442 silly CHANGE node_modules/create-react-app/node_modules/sisteransi
443 silly CHANGE node_modules/create-react-app/node_modules/shebang-regex
444 silly CHANGE node_modules/create-react-app/node_modules/shebang-command
445 silly CHANGE node_modules/create-react-app/node_modules/semver
446 silly CHANGE node_modules/create-react-app/node_modules/safe-buffer
447 silly CHANGE node_modules/create-react-app/node_modules/rimraf
448 silly CHANGE node_modules/create-react-app/node_modules/readable-stream
449 silly CHANGE node_modules/create-react-app/node_modules/prompts
450 silly CHANGE node_modules/create-react-app/node_modules/process-nextick-args
451 silly CHANGE node_modules/create-react-app/node_modules/path-key
452 silly CHANGE node_modules/create-react-app/node_modules/path-is-absolute
453 silly CHANGE node_modules/create-react-app/node_modules/once
454 silly CHANGE node_modules/create-react-app/node_modules/ms
455 silly CHANGE node_modules/create-react-app/node_modules/mkdirp
456 silly CHANGE node_modules/create-react-app/node_modules/minimist
457 silly CHANGE node_modules/create-react-app/node_modules/minimatch
458 silly CHANGE node_modules/create-react-app/node_modules/lru-cache
459 silly CHANGE node_modules/create-react-app/node_modules/kleur
460 silly CHANGE node_modules/create-react-app/node_modules/jsonfile
461 silly CHANGE node_modules/create-react-app/node_modules/isexe
462 silly CHANGE node_modules/create-react-app/node_modules/isarray
463 silly CHANGE node_modules/create-react-app/node_modules/inherits
464 silly CHANGE node_modules/create-react-app/node_modules/inflight
465 silly CHANGE node_modules/create-react-app/node_modules/hyperquest
466 silly CHANGE node_modules/create-react-app/node_modules/has-flag
467 silly CHANGE node_modules/create-react-app/node_modules/graceful-fs
468 silly CHANGE node_modules/create-react-app/node_modules/glob
469 silly CHANGE node_modules/create-react-app/node_modules/fstream-ignore
470 silly CHANGE node_modules/create-react-app/node_modules/fstream
471 silly CHANGE node_modules/create-react-app/node_modules/fs.realpath
472 silly CHANGE node_modules/create-react-app/node_modules/fs-extra
473 silly CHANGE node_modules/create-react-app/node_modules/envinfo
474 silly CHANGE node_modules/create-react-app/node_modules/duplexer2
475 silly CHANGE node_modules/create-react-app/node_modules/debug
476 silly CHANGE node_modules/create-react-app/node_modules/cross-spawn
477 silly CHANGE node_modules/create-react-app/node_modules/core-util-is
478 silly CHANGE node_modules/create-react-app/node_modules/concat-map
479 silly CHANGE node_modules/create-react-app/node_modules/commander
480 silly CHANGE node_modules/create-react-app/node_modules/color-name
481 silly CHANGE node_modules/create-react-app/node_modules/color-convert
482 silly CHANGE node_modules/create-react-app/node_modules/chalk
483 silly CHANGE node_modules/create-react-app/node_modules/builtins
484 silly CHANGE node_modules/create-react-app/node_modules/buffer-from
485 silly CHANGE node_modules/create-react-app/node_modules/brace-expansion
486 silly CHANGE node_modules/create-react-app/node_modules/block-stream
487 silly CHANGE node_modules/create-react-app/node_modules/balanced-match
488 silly CHANGE node_modules/create-react-app/node_modules/ansi-styles
489 timing command:install Completed in 2326ms
490 verbose exit 0
491 timing npm Completed in 2562ms
492 info ok
