0 verbose cli /usr/bin/node /usr/local/bin/npm
1 info using npm@9.5.0
2 info using node@v16.18.1
3 timing npm:load:whichnode Completed in 3ms
4 timing config:load:defaults Completed in 5ms
5 timing config:load:file:/usr/local/lib/node_modules/npm/npmrc Completed in 1ms
6 timing config:load:builtin Completed in 1ms
7 timing config:load:cli Completed in 5ms
8 timing config:load:env Completed in 1ms
9 timing config:load:file:/root/frontend/.npmrc Completed in 1ms
10 timing config:load:project Completed in 3ms
11 timing config:load:file:/root/.npmrc Completed in 1ms
12 timing config:load:user Completed in 1ms
13 timing config:load:file:/usr/etc/npmrc Completed in 3ms
14 timing config:load:global Completed in 4ms
15 timing config:load:setEnvs Completed in 2ms
16 timing config:load Completed in 24ms
17 timing npm:load:configload Completed in 24ms
18 timing npm:load:mkdirpcache Completed in 1ms
19 timing npm:load:mkdirplogs Completed in 1ms
20 verbose title npm install @testing-library/jest-dom@^5.14.1 @testing-library/react@^13.0.0 @testing-library/user-event@^13.2.1 web-vitals@^2.1.0
21 verbose argv "install" "--no-audit" "--save" "@testing-library/jest-dom@^5.14.1" "@testing-library/react@^13.0.0" "@testing-library/user-event@^13.2.1" "web-vitals@^2.1.0"
22 timing npm:load:setTitle Completed in 4ms
23 timing config:load:flatten Completed in 8ms
24 timing npm:load:display Completed in 11ms
25 verbose logfile logs-max:10 dir:/root/.npm/_logs/2023-02-19T22_07_59_282Z-
26 verbose logfile /root/.npm/_logs/2023-02-19T22_07_59_282Z-debug-0.log
27 timing npm:load:logFile Completed in 14ms
28 timing npm:load:timers Completed in 0ms
29 timing npm:load:configScope Completed in 0ms
30 timing npm:load Completed in 61ms
31 timing arborist:ctor Completed in 2ms
32 silly logfile done cleaning log files
33 timing idealTree:init Completed in 1832ms
34 timing idealTree:userRequests Completed in 5ms
35 silly idealTree buildDeps
36 silly fetch manifest @testing-library/jest-dom@^5.14.1
37 timing arborist:ctor Completed in 0ms
38 http fetch GET 200 https://registry.npmjs.org/@testing-library%2fjest-dom 1752ms (cache miss)
39 silly fetch manifest @testing-library/react@^13.0.0
40 http fetch GET 200 https://registry.npmjs.org/@testing-library%2freact 266ms (cache miss)
41 silly fetch manifest react@^18.2.0
42 http fetch GET 200 https://registry.npmjs.org/react 38ms (cache hit)
43 silly fetch manifest react-dom@^18.2.0
44 http fetch GET 200 https://registry.npmjs.org/react-dom 17ms (cache hit)
45 silly fetch manifest @testing-library/user-event@^13.2.1
46 http fetch GET 200 https://registry.npmjs.org/@testing-library%2fuser-event 171ms (cache miss)
47 silly fetch manifest @testing-library/dom@>=7.21.4
48 http fetch GET 200 https://registry.npmjs.org/@testing-library%2fdom 224ms (cache miss)
49 silly fetch manifest web-vitals@^2.1.0
50 http fetch GET 200 https://registry.npmjs.org/web-vitals 93ms (cache miss)
51 silly placeDep ROOT @testing-library/jest-dom@5.16.5 OK for: frontend@0.1.0 want: ^5.14.1
52 silly placeDep ROOT @testing-library/react@13.4.0 OK for: frontend@0.1.0 want: ^13.0.0
53 silly placeDep ROOT @testing-library/user-event@13.5.0 OK for: frontend@0.1.0 want: ^13.2.1
54 silly placeDep ROOT @testing-library/dom@9.0.0 OK for: @testing-library/user-event@13.5.0 want: >=7.21.4
55 silly placeDep ROOT web-vitals@2.1.4 OK for: frontend@0.1.0 want: ^2.1.0
56 silly fetch manifest @types/testing-library__jest-dom@^5.9.1
57 silly fetch manifest chalk@^3.0.0
58 silly fetch manifest @adobe/css-tools@^4.0.1
59 silly fetch manifest css.escape@^1.5.1
60 silly fetch manifest dom-accessibility-api@^0.5.6
61 silly fetch manifest redent@^3.0.0
62 silly fetch manifest @testing-library/dom@^8.5.0
63 silly fetch manifest @types/react-dom@^18.0.0
64 silly fetch manifest @types/aria-query@^5.0.1
65 silly fetch manifest chalk@^4.1.0
66 silly fetch manifest dom-accessibility-api@^0.5.9
67 silly fetch manifest lz-string@^1.4.4
68 http fetch GET 200 https://registry.npmjs.org/@types%2ftesting-library__jest-dom 89ms (cache miss)
69 http fetch GET 200 https://registry.npmjs.org/chalk 96ms (cache hit)
70 http fetch GET 200 https://registry.npmjs.org/chalk 87ms (cache hit)
71 http fetch GET 200 https://registry.npmjs.org/redent 156ms (cache miss)
72 http fetch GET 200 https://registry.npmjs.org/css.escape 160ms (cache miss)
73 http fetch GET 200 https://registry.npmjs.org/lz-string 152ms (cache miss)
74 http fetch GET 200 https://registry.npmjs.org/@types%2faria-query 158ms (cache miss)
75 http fetch GET 200 https://registry.npmjs.org/dom-accessibility-api 175ms (cache miss)
76 http fetch GET 200 https://registry.npmjs.org/dom-accessibility-api 185ms (cache miss)
77 http fetch GET 200 https://registry.npmjs.org/@types%2freact-dom 186ms (cache miss)
78 http fetch GET 200 https://registry.npmjs.org/@adobe%2fcss-tools 227ms (cache miss)
79 timing idealTree:#root Completed in 2932ms
80 silly placeDep ROOT @types/aria-query@5.0.1 OK for: @testing-library/dom@9.0.0 want: ^5.0.1
81 silly placeDep node_modules/@testing-library/dom chalk@4.1.2 OK for: @testing-library/dom@9.0.0 want: ^4.1.0
82 silly placeDep ROOT dom-accessibility-api@0.5.16 OK for: @testing-library/dom@9.0.0 want: ^0.5.9
83 silly placeDep ROOT lz-string@1.4.4 OK for: @testing-library/dom@9.0.0 want: ^1.4.4
84 silly fetch manifest ansi-styles@^4.1.0
85 silly fetch manifest supports-color@^7.1.0
86 http fetch GET 200 https://registry.npmjs.org/ansi-styles 12ms (cache hit)
87 http fetch GET 200 https://registry.npmjs.org/supports-color 14ms (cache hit)
88 timing idealTree:node_modules/@testing-library/dom Completed in 34ms
89 silly placeDep ROOT @adobe/css-tools@4.1.0 OK for: @testing-library/jest-dom@5.16.5 want: ^4.0.1
90 silly placeDep ROOT @types/testing-library__jest-dom@5.14.5 OK for: @testing-library/jest-dom@5.16.5 want: ^5.9.1
91 silly placeDep node_modules/@testing-library/jest-dom chalk@3.0.0 OK for: @testing-library/jest-dom@5.16.5 want: ^3.0.0
92 silly placeDep ROOT css.escape@1.5.1 OK for: @testing-library/jest-dom@5.16.5 want: ^1.5.1
93 silly placeDep ROOT redent@3.0.0 OK for: @testing-library/jest-dom@5.16.5 want: ^3.0.0
94 silly fetch manifest @types/jest@*
95 silly fetch manifest indent-string@^4.0.0
96 silly fetch manifest strip-indent@^3.0.0
97 http fetch GET 200 https://registry.npmjs.org/indent-string 31ms (cache miss)
98 http fetch GET 200 https://registry.npmjs.org/strip-indent 34ms (cache miss)
99 http fetch GET 200 https://registry.npmjs.org/@types%2fjest 80ms (cache miss)
100 timing idealTree:node_modules/@testing-library/jest-dom Completed in 100ms
101 timing idealTree:node_modules/@adobe/css-tools Completed in 0ms
102 silly placeDep node_modules/@testing-library/react @testing-library/dom@8.20.0 OK for: @testing-library/react@13.4.0 want: ^8.5.0
103 silly placeDep ROOT @types/react-dom@18.0.11 OK for: @testing-library/react@13.4.0 want: ^18.0.0
104 silly fetch manifest @types/react@*
105 http fetch GET 200 https://registry.npmjs.org/@types%2freact 71ms (cache miss)
106 timing idealTree:node_modules/@testing-library/react Completed in 86ms
107 timing idealTree:node_modules/@testing-library/user-event Completed in 0ms
108 timing idealTree:node_modules/@types/aria-query Completed in 0ms
109 silly placeDep ROOT @types/react@18.0.28 OK for: @types/react-dom@18.0.11 want: *
110 silly fetch manifest @types/prop-types@*
111 silly fetch manifest @types/scheduler@*
112 silly fetch manifest csstype@^3.0.2
113 http fetch GET 200 https://registry.npmjs.org/@types%2fprop-types 50ms (cache miss)
114 http fetch GET 200 https://registry.npmjs.org/@types%2fscheduler 50ms (cache miss)
115 http fetch GET 200 https://registry.npmjs.org/csstype 58ms (cache miss)
116 timing idealTree:node_modules/@types/react-dom Completed in 69ms
117 silly placeDep ROOT @types/prop-types@15.7.5 OK for: @types/react@18.0.28 want: *
118 silly placeDep ROOT @types/scheduler@0.16.2 OK for: @types/react@18.0.28 want: *
119 silly placeDep ROOT csstype@3.1.1 OK for: @types/react@18.0.28 want: ^3.0.2
120 timing idealTree:node_modules/@types/react Completed in 8ms
121 timing idealTree:node_modules/@types/prop-types Completed in 0ms
122 timing idealTree:node_modules/@types/scheduler Completed in 0ms
123 silly placeDep ROOT @types/jest@29.4.0 OK for: @types/testing-library__jest-dom@5.14.5 want: *
124 silly fetch manifest expect@^29.0.0
125 silly fetch manifest pretty-format@^29.0.0
126 http fetch GET 200 https://registry.npmjs.org/expect 13ms (cache hit)
127 http fetch GET 200 https://registry.npmjs.org/pretty-format 17ms (cache hit)
128 timing idealTree:node_modules/@types/testing-library__jest-dom Completed in 27ms
129 silly placeDep node_modules/@types/jest expect@29.4.3 OK for: @types/jest@29.4.0 want: ^29.0.0
130 silly placeDep node_modules/@types/jest pretty-format@29.4.3 OK for: @types/jest@29.4.0 want: ^29.0.0
131 silly fetch manifest @jest/expect-utils@^29.4.3
132 silly fetch manifest jest-get-type@^29.4.3
133 silly fetch manifest jest-matcher-utils@^29.4.3
134 silly fetch manifest jest-message-util@^29.4.3
135 silly fetch manifest jest-util@^29.4.3
136 silly fetch manifest @jest/schemas@^29.4.3
137 silly fetch manifest ansi-styles@^5.0.0
138 silly fetch manifest react-is@^18.0.0
139 http fetch GET 200 https://registry.npmjs.org/jest-util 43ms (cache hit)
140 http fetch GET 200 https://registry.npmjs.org/@jest%2fschemas 46ms (cache hit)
141 http fetch GET 200 https://registry.npmjs.org/jest-matcher-utils 53ms (cache hit)
142 http fetch GET 200 https://registry.npmjs.org/jest-message-util 55ms (cache hit)
143 http fetch GET 200 https://registry.npmjs.org/jest-get-type 61ms (cache hit)
144 http fetch GET 200 https://registry.npmjs.org/react-is 59ms (cache hit)
145 http fetch GET 200 https://registry.npmjs.org/@jest%2fexpect-utils 295ms (cache miss)
146 timing idealTree:node_modules/@types/jest Completed in 305ms
147 timing idealTree:node_modules/css.escape Completed in 0ms
148 timing idealTree:node_modules/csstype Completed in 0ms
149 timing idealTree:node_modules/dom-accessibility-api Completed in 0ms
150 timing idealTree:node_modules/lz-string Completed in 1ms
151 silly placeDep ROOT indent-string@4.0.0 OK for: redent@3.0.0 want: ^4.0.0
152 silly placeDep ROOT strip-indent@3.0.0 OK for: redent@3.0.0 want: ^3.0.0
153 silly fetch manifest min-indent@^1.0.0
154 http fetch GET 200 https://registry.npmjs.org/min-indent 29ms (cache miss)
155 timing idealTree:node_modules/redent Completed in 42ms
156 timing idealTree:node_modules/indent-string Completed in 0ms
157 silly placeDep ROOT min-indent@1.0.1 OK for: strip-indent@3.0.0 want: ^1.0.0
158 timing idealTree:node_modules/strip-indent Completed in 4ms
159 timing idealTree:node_modules/min-indent Completed in 0ms
160 timing idealTree:node_modules/web-vitals Completed in 0ms
161 silly placeDep node_modules/@testing-library/dom ansi-styles@4.3.0 OK for: chalk@4.1.2 want: ^4.1.0
162 silly placeDep node_modules/@testing-library/dom supports-color@7.2.0 OK for: chalk@4.1.2 want: ^7.1.0
163 silly fetch manifest color-convert@^2.0.1
164 silly fetch manifest has-flag@^4.0.0
165 http fetch GET 200 https://registry.npmjs.org/color-convert 30ms (cache hit)
166 http fetch GET 200 https://registry.npmjs.org/has-flag 29ms (cache hit)
167 timing idealTree:node_modules/@testing-library/dom/node_modules/chalk Completed in 44ms
168 silly placeDep node_modules/@testing-library/dom color-convert@2.0.1 OK for: ansi-styles@4.3.0 want: ^2.0.1
169 silly fetch manifest color-name@~1.1.4
170 http fetch GET 200 https://registry.npmjs.org/color-name 6ms (cache hit)
171 timing idealTree:node_modules/@testing-library/dom/node_modules/ansi-styles Completed in 12ms
172 silly placeDep node_modules/@testing-library/dom color-name@1.1.4 OK for: color-convert@2.0.1 want: ~1.1.4
173 timing idealTree:node_modules/@testing-library/dom/node_modules/color-convert Completed in 3ms
174 timing idealTree:node_modules/@testing-library/dom/node_modules/color-name Completed in 0ms
175 silly placeDep node_modules/@testing-library/dom has-flag@4.0.0 OK for: supports-color@7.2.0 want: ^4.0.0
176 timing idealTree:node_modules/@testing-library/dom/node_modules/supports-color Completed in 2ms
177 timing idealTree:node_modules/@testing-library/dom/node_modules/has-flag Completed in 0ms
178 silly placeDep node_modules/@testing-library/jest-dom ansi-styles@4.3.0 OK for: chalk@3.0.0 want: ^4.1.0
179 silly placeDep node_modules/@testing-library/jest-dom supports-color@7.2.0 OK for: chalk@3.0.0 want: ^7.1.0
180 timing idealTree:node_modules/@testing-library/jest-dom/node_modules/chalk Completed in 7ms
181 silly placeDep node_modules/@testing-library/jest-dom color-convert@2.0.1 OK for: ansi-styles@4.3.0 want: ^2.0.1
182 timing idealTree:node_modules/@testing-library/jest-dom/node_modules/ansi-styles Completed in 3ms
183 silly placeDep node_modules/@testing-library/jest-dom color-name@1.1.4 OK for: color-convert@2.0.1 want: ~1.1.4
184 timing idealTree:node_modules/@testing-library/jest-dom/node_modules/color-convert Completed in 3ms
185 timing idealTree:node_modules/@testing-library/jest-dom/node_modules/color-name Completed in 0ms
186 silly placeDep node_modules/@testing-library/jest-dom has-flag@4.0.0 OK for: supports-color@7.2.0 want: ^4.0.0
187 timing idealTree:node_modules/@testing-library/jest-dom/node_modules/supports-color Completed in 3ms
188 timing idealTree:node_modules/@testing-library/jest-dom/node_modules/has-flag Completed in 0ms
189 silly placeDep node_modules/@testing-library/react chalk@4.1.2 OK for: @testing-library/dom@8.20.0 want: ^4.1.0
190 timing idealTree:node_modules/@testing-library/react/node_modules/@testing-library/dom Completed in 4ms
191 silly placeDep node_modules/@testing-library/react ansi-styles@4.3.0 OK for: chalk@4.1.2 want: ^4.1.0
192 silly placeDep node_modules/@testing-library/react supports-color@7.2.0 OK for: chalk@4.1.2 want: ^7.1.0
193 timing idealTree:node_modules/@testing-library/react/node_modules/chalk Completed in 6ms
194 silly placeDep node_modules/@testing-library/react color-convert@2.0.1 OK for: ansi-styles@4.3.0 want: ^2.0.1
195 timing idealTree:node_modules/@testing-library/react/node_modules/ansi-styles Completed in 3ms
196 silly placeDep node_modules/@testing-library/react color-name@1.1.4 OK for: color-convert@2.0.1 want: ~1.1.4
197 timing idealTree:node_modules/@testing-library/react/node_modules/color-convert Completed in 3ms
198 timing idealTree:node_modules/@testing-library/react/node_modules/color-name Completed in 0ms
199 silly placeDep node_modules/@testing-library/react has-flag@4.0.0 OK for: supports-color@7.2.0 want: ^4.0.0
200 timing idealTree:node_modules/@testing-library/react/node_modules/supports-color Completed in 3ms
201 timing idealTree:node_modules/@testing-library/react/node_modules/has-flag Completed in 0ms
202 silly placeDep ROOT @jest/expect-utils@29.4.3 OK for: expect@29.4.3 want: ^29.4.3
203 silly placeDep node_modules/@types/jest jest-get-type@29.4.3 OK for: expect@29.4.3 want: ^29.4.3
204 silly placeDep node_modules/@types/jest jest-matcher-utils@29.4.3 OK for: expect@29.4.3 want: ^29.4.3
205 silly placeDep node_modules/@types/jest jest-message-util@29.4.3 OK for: expect@29.4.3 want: ^29.4.3
206 silly placeDep node_modules/@types/jest jest-util@29.4.3 OK for: expect@29.4.3 want: ^29.4.3
207 silly fetch manifest chalk@^4.0.0
208 silly fetch manifest jest-diff@^29.4.3
209 silly fetch manifest @jest/types@^29.4.3
210 http fetch GET 200 https://registry.npmjs.org/jest-diff 23ms (cache hit)
211 http fetch GET 200 https://registry.npmjs.org/@jest%2ftypes 26ms (cache hit)
212 timing idealTree:node_modules/@types/jest/node_modules/expect Completed in 54ms
213 silly placeDep node_modules/@jest/expect-utils jest-get-type@29.4.3 OK for: @jest/expect-utils@29.4.3 want: ^29.4.3
214 timing idealTree:node_modules/@jest/expect-utils Completed in 2ms
215 timing idealTree:node_modules/@jest/expect-utils/node_modules/jest-get-type Completed in 0ms
216 timing idealTree:node_modules/@types/jest/node_modules/jest-get-type Completed in 0ms
217 silly placeDep node_modules/@types/jest chalk@4.1.2 OK for: jest-matcher-utils@29.4.3 want: ^4.0.0
218 silly placeDep node_modules/@types/jest jest-diff@29.4.3 OK for: jest-matcher-utils@29.4.3 want: ^29.4.3
219 silly fetch manifest diff-sequences@^29.4.3
220 http fetch GET 200 https://registry.npmjs.org/diff-sequences 5ms (cache hit)
221 timing idealTree:node_modules/@types/jest/node_modules/jest-matcher-utils Completed in 14ms
222 silly placeDep node_modules/@types/jest ansi-styles@4.3.0 OK for: chalk@4.1.2 want: ^4.1.0
223 silly placeDep node_modules/@types/jest supports-color@7.2.0 OK for: chalk@4.1.2 want: ^7.1.0
224 timing idealTree:node_modules/@types/jest/node_modules/chalk Completed in 6ms
225 silly placeDep node_modules/@types/jest color-convert@2.0.1 OK for: ansi-styles@4.3.0 want: ^2.0.1
226 timing idealTree:node_modules/@types/jest/node_modules/ansi-styles Completed in 3ms
227 silly placeDep node_modules/@types/jest color-name@1.1.4 OK for: color-convert@2.0.1 want: ~1.1.4
228 timing idealTree:node_modules/@types/jest/node_modules/color-convert Completed in 3ms
229 timing idealTree:node_modules/@types/jest/node_modules/color-name Completed in 0ms
230 silly placeDep node_modules/@types/jest diff-sequences@29.4.3 OK for: jest-diff@29.4.3 want: ^29.4.3
231 timing idealTree:node_modules/@types/jest/node_modules/jest-diff Completed in 2ms
232 timing idealTree:node_modules/@types/jest/node_modules/diff-sequences Completed in 0ms
233 silly placeDep node_modules/@types/jest @jest/types@29.4.3 OK for: jest-message-util@29.4.3 want: ^29.4.3
234 silly fetch manifest @types/yargs@^17.0.8
235 http fetch GET 200 https://registry.npmjs.org/@types%2fyargs 7ms (cache hit)
236 timing idealTree:node_modules/@types/jest/node_modules/jest-message-util Completed in 14ms
237 silly placeDep node_modules/@types/jest @jest/schemas@29.4.3 OK for: @jest/types@29.4.3 want: ^29.4.3
238 silly placeDep node_modules/@types/jest @types/yargs@17.0.22 OK for: @jest/types@29.4.3 want: ^17.0.8
239 silly fetch manifest @sinclair/typebox@^0.25.16
240 http fetch GET 200 https://registry.npmjs.org/@sinclair%2ftypebox 6ms (cache hit)
241 timing idealTree:node_modules/@types/jest/node_modules/@jest/types Completed in 17ms
242 silly placeDep node_modules/@types/jest @sinclair/typebox@0.25.23 OK for: @jest/schemas@29.4.3 want: ^0.25.16
243 timing idealTree:node_modules/@types/jest/node_modules/@jest/schemas Completed in 3ms
244 timing idealTree:node_modules/@types/jest/node_modules/@sinclair/typebox Completed in 0ms
245 timing idealTree:node_modules/@types/jest/node_modules/@types/yargs Completed in 0ms
246 timing idealTree:node_modules/@types/jest/node_modules/jest-util Completed in 0ms
247 silly placeDep node_modules/@types/jest/node_modules/pretty-format ansi-styles@5.2.0 OK for: pretty-format@29.4.3 want: ^5.0.0
248 silly placeDep node_modules/@types/jest react-is@18.2.0 OK for: pretty-format@29.4.3 want: ^18.0.0
249 timing idealTree:node_modules/@types/jest/node_modules/pretty-format Completed in 4ms
250 timing idealTree:node_modules/@types/jest/node_modules/react-is Completed in 0ms
251 silly placeDep node_modules/@types/jest has-flag@4.0.0 OK for: supports-color@7.2.0 want: ^4.0.0
252 timing idealTree:node_modules/@types/jest/node_modules/supports-color Completed in 2ms
253 timing idealTree:node_modules/@types/jest/node_modules/has-flag Completed in 0ms
254 timing idealTree:node_modules/@types/jest/node_modules/pretty-format/node_modules/ansi-styles Completed in 0ms
255 timing idealTree:buildDeps Completed in 3843ms
256 timing idealTree:fixDepFlags Completed in 29ms
257 timing idealTree Completed in 5754ms
258 timing reify:loadTrees Completed in 5757ms
259 timing reify:diffTrees Completed in 56ms
260 silly reify moves {}
261 timing reify:retireShallow Completed in 3ms
262 timing reify:createSparse Completed in 22ms
263 timing reify:loadBundles Completed in 0ms
264 verbose reify failed optional dependency /root/frontend/node_modules/fsevents
265 silly reify mark deleted [ '/root/frontend/node_modules/fsevents' ]
266 timing reifyNode:node_modules/fsevents Completed in 22ms
267 silly tarball no local data for @jest/expect-utils@https://registry.npmjs.org/@jest/expect-utils/-/expect-utils-29.4.3.tgz. Extracting by manifest.
268 silly tarball no local data for min-indent@https://registry.npmjs.org/min-indent/-/min-indent-1.0.1.tgz. Extracting by manifest.
269 silly tarball no local data for indent-string@https://registry.npmjs.org/indent-string/-/indent-string-4.0.0.tgz. Extracting by manifest.
270 silly tarball no local data for strip-indent@https://registry.npmjs.org/strip-indent/-/strip-indent-3.0.0.tgz. Extracting by manifest.
271 silly tarball no local data for csstype@https://registry.npmjs.org/csstype/-/csstype-3.1.1.tgz. Extracting by manifest.
272 silly tarball no local data for @types/jest@https://registry.npmjs.org/@types/jest/-/jest-29.4.0.tgz. Extracting by manifest.
273 silly tarball no local data for @types/scheduler@https://registry.npmjs.org/@types/scheduler/-/scheduler-0.16.2.tgz. Extracting by manifest.
274 silly tarball no local data for @types/prop-types@https://registry.npmjs.org/@types/prop-types/-/prop-types-15.7.5.tgz. Extracting by manifest.
275 silly tarball no local data for @types/react@https://registry.npmjs.org/@types/react/-/react-18.0.28.tgz. Extracting by manifest.
276 silly tarball no local data for @types/react-dom@https://registry.npmjs.org/@types/react-dom/-/react-dom-18.0.11.tgz. Extracting by manifest.
277 silly tarball no local data for redent@https://registry.npmjs.org/redent/-/redent-3.0.0.tgz. Extracting by manifest.
278 silly tarball no local data for css.escape@https://registry.npmjs.org/css.escape/-/css.escape-1.5.1.tgz. Extracting by manifest.
279 silly tarball no local data for @types/testing-library__jest-dom@https://registry.npmjs.org/@types/testing-library__jest-dom/-/testing-library__jest-dom-5.14.5.tgz. Extracting by manifest.
280 silly tarball no local data for lz-string@https://registry.npmjs.org/lz-string/-/lz-string-1.4.4.tgz. Extracting by manifest.
281 silly tarball no local data for dom-accessibility-api@https://registry.npmjs.org/dom-accessibility-api/-/dom-accessibility-api-0.5.16.tgz. Extracting by manifest.
282 silly tarball no local data for @types/aria-query@https://registry.npmjs.org/@types/aria-query/-/aria-query-5.0.1.tgz. Extracting by manifest.
283 silly tarball no local data for web-vitals@https://registry.npmjs.org/web-vitals/-/web-vitals-2.1.4.tgz. Extracting by manifest.
284 silly tarball no local data for @testing-library/dom@https://registry.npmjs.org/@testing-library/dom/-/dom-9.0.0.tgz. Extracting by manifest.
285 silly tarball no local data for @testing-library/user-event@https://registry.npmjs.org/@testing-library/user-event/-/user-event-13.5.0.tgz. Extracting by manifest.
286 silly tarball no local data for @adobe/css-tools@https://registry.npmjs.org/@adobe/css-tools/-/css-tools-4.1.0.tgz. Extracting by manifest.
287 silly tarball no local data for @testing-library/react@https://registry.npmjs.org/@testing-library/react/-/react-13.4.0.tgz. Extracting by manifest.
288 silly tarball no local data for @testing-library/jest-dom@https://registry.npmjs.org/@testing-library/jest-dom/-/jest-dom-5.16.5.tgz. Extracting by manifest.
289 silly tarball no local data for jest-get-type@https://registry.npmjs.org/jest-get-type/-/jest-get-type-29.4.3.tgz. Extracting by manifest.
290 silly tarball no local data for @sinclair/typebox@https://registry.npmjs.org/@sinclair/typebox/-/typebox-0.25.23.tgz. Extracting by manifest.
291 silly tarball no local data for @jest/schemas@https://registry.npmjs.org/@jest/schemas/-/schemas-29.4.3.tgz. Extracting by manifest.
292 silly tarball no local data for @jest/types@https://registry.npmjs.org/@jest/types/-/types-29.4.3.tgz. Extracting by manifest.
293 silly tarball no local data for diff-sequences@https://registry.npmjs.org/diff-sequences/-/diff-sequences-29.4.3.tgz. Extracting by manifest.
294 silly tarball no local data for jest-diff@https://registry.npmjs.org/jest-diff/-/jest-diff-29.4.3.tgz. Extracting by manifest.
295 silly tarball no local data for jest-util@https://registry.npmjs.org/jest-util/-/jest-util-29.4.3.tgz. Extracting by manifest.
296 silly tarball no local data for jest-message-util@https://registry.npmjs.org/jest-message-util/-/jest-message-util-29.4.3.tgz. Extracting by manifest.
297 silly tarball no local data for jest-get-type@https://registry.npmjs.org/jest-get-type/-/jest-get-type-29.4.3.tgz. Extracting by manifest.
298 silly tarball no local data for jest-matcher-utils@https://registry.npmjs.org/jest-matcher-utils/-/jest-matcher-utils-29.4.3.tgz. Extracting by manifest.
299 silly tarball no local data for pretty-format@https://registry.npmjs.org/pretty-format/-/pretty-format-29.4.3.tgz. Extracting by manifest.
300 silly tarball no local data for expect@https://registry.npmjs.org/expect/-/expect-29.4.3.tgz. Extracting by manifest.
301 silly tarball no local data for @testing-library/dom@https://registry.npmjs.org/@testing-library/dom/-/dom-8.20.0.tgz. Extracting by manifest.
302 silly tarball no local data for chalk@https://registry.npmjs.org/chalk/-/chalk-3.0.0.tgz. Extracting by manifest.
303 timing reifyNode:node_modules/@types/jest/node_modules/color-name Completed in 780ms
304 timing reifyNode:node_modules/@testing-library/dom/node_modules/color-name Completed in 777ms
305 timing reifyNode:node_modules/@testing-library/react/node_modules/color-name Completed in 778ms
306 timing reifyNode:node_modules/@testing-library/jest-dom/node_modules/color-name Completed in 778ms
307 timing reifyNode:node_modules/@types/jest/node_modules/has-flag Completed in 799ms
308 timing reifyNode:node_modules/@types/jest/node_modules/supports-color Completed in 798ms
309 timing reifyNode:node_modules/@testing-library/dom/node_modules/has-flag Completed in 796ms
310 timing reifyNode:node_modules/@testing-library/dom/node_modules/supports-color Completed in 795ms
311 timing reifyNode:node_modules/@testing-library/react/node_modules/has-flag Completed in 797ms
312 timing reifyNode:node_modules/@testing-library/react/node_modules/supports-color Completed in 796ms
313 timing reifyNode:node_modules/@testing-library/jest-dom/node_modules/has-flag Completed in 797ms
314 timing reifyNode:node_modules/@testing-library/jest-dom/node_modules/supports-color Completed in 796ms
315 timing reifyNode:node_modules/@types/jest/node_modules/ansi-styles Completed in 814ms
316 timing reifyNode:node_modules/@types/jest/node_modules/pretty-format/node_modules/ansi-styles Completed in 813ms
317 timing reifyNode:node_modules/@testing-library/dom/node_modules/ansi-styles Completed in 811ms
318 timing reifyNode:node_modules/@testing-library/react/node_modules/ansi-styles Completed in 810ms
319 timing reifyNode:node_modules/@testing-library/jest-dom/node_modules/ansi-styles Completed in 810ms
320 http fetch GET 200 https://registry.npmjs.org/min-indent/-/min-indent-1.0.1.tgz 727ms (cache miss)
321 timing reifyNode:node_modules/min-indent Completed in 820ms
322 http fetch GET 200 https://registry.npmjs.org/indent-string/-/indent-string-4.0.0.tgz 725ms (cache miss)
323 timing reifyNode:node_modules/indent-string Completed in 820ms
324 http fetch GET 200 https://registry.npmjs.org/@jest/expect-utils/-/expect-utils-29.4.3.tgz 742ms (cache miss)
325 http fetch GET 200 https://registry.npmjs.org/@types/prop-types/-/prop-types-15.7.5.tgz 734ms (cache miss)
326 timing reifyNode:node_modules/@types/prop-types Completed in 838ms
327 http fetch GET 200 https://registry.npmjs.org/@types/scheduler/-/scheduler-0.16.2.tgz 737ms (cache miss)
328 timing reifyNode:node_modules/@types/scheduler Completed in 838ms
329 http fetch GET 200 https://registry.npmjs.org/strip-indent/-/strip-indent-3.0.0.tgz 747ms (cache miss)
330 timing reifyNode:node_modules/strip-indent Completed in 844ms
331 http fetch GET 200 https://registry.npmjs.org/@types/aria-query/-/aria-query-5.0.1.tgz 716ms (cache miss)
332 timing reifyNode:node_modules/@types/aria-query Completed in 840ms
333 http fetch GET 200 https://registry.npmjs.org/jest-get-type/-/jest-get-type-29.4.3.tgz 701ms (cache miss)
334 timing reifyNode:node_modules/@jest/expect-utils/node_modules/jest-get-type Completed in 855ms
335 timing reifyNode:node_modules/@types/jest/node_modules/color-convert Completed in 859ms
336 timing reifyNode:node_modules/@testing-library/dom/node_modules/color-convert Completed in 856ms
337 timing reifyNode:node_modules/@testing-library/react/node_modules/color-convert Completed in 855ms
338 timing reifyNode:node_modules/@testing-library/jest-dom/node_modules/color-convert Completed in 854ms
339 http fetch GET 200 https://registry.npmjs.org/redent/-/redent-3.0.0.tgz 748ms (cache miss)
340 timing reifyNode:node_modules/redent Completed in 860ms
341 http fetch GET 200 https://registry.npmjs.org/diff-sequences/-/diff-sequences-29.4.3.tgz 702ms (cache miss)
342 http fetch GET 200 https://registry.npmjs.org/jest-message-util/-/jest-message-util-29.4.3.tgz 696ms (cache miss)
343 http fetch GET 200 https://registry.npmjs.org/@jest/types/-/types-29.4.3.tgz 710ms (cache miss)
344 http fetch GET 200 https://registry.npmjs.org/css.escape/-/css.escape-1.5.1.tgz 756ms (cache miss)
345 timing reifyNode:node_modules/css.escape Completed in 871ms
346 timing reifyNode:node_modules/@types/jest/node_modules/jest-message-util Completed in 874ms
347 http fetch GET 200 https://registry.npmjs.org/@jest/schemas/-/schemas-29.4.3.tgz 721ms (cache miss)
348 timing reifyNode:node_modules/@types/jest/node_modules/@jest/schemas Completed in 878ms
349 http fetch GET 200 https://registry.npmjs.org/pretty-format/-/pretty-format-29.4.3.tgz 685ms (cache miss)
350 timing reifyNode:node_modules/@types/jest/node_modules/chalk Completed in 878ms
351 timing reifyNode:node_modules/@testing-library/dom/node_modules/chalk Completed in 875ms
352 timing reifyNode:node_modules/@testing-library/react/node_modules/chalk Completed in 874ms
353 timing reifyNode:node_modules/@types/jest/node_modules/react-is Completed in 886ms
354 http fetch GET 200 https://registry.npmjs.org/@types/jest/-/jest-29.4.0.tgz 785ms (cache miss)
355 timing reifyNode:node_modules/@types/jest Completed in 888ms
356 timing reifyNode:node_modules/@jest/expect-utils Completed in 889ms
357 http fetch GET 200 https://registry.npmjs.org/jest-get-type/-/jest-get-type-29.4.3.tgz 717ms (cache miss)
358 timing reifyNode:node_modules/@types/jest/node_modules/jest-get-type Completed in 888ms
359 timing reifyNode:node_modules/@types/jest/node_modules/@types/yargs Completed in 892ms
360 timing reifyNode:node_modules/@types/jest/node_modules/diff-sequences Completed in 892ms
361 http fetch GET 200 https://registry.npmjs.org/jest-matcher-utils/-/jest-matcher-utils-29.4.3.tgz 723ms (cache miss)
362 timing reifyNode:node_modules/@types/jest/node_modules/@jest/types Completed in 905ms
363 timing reifyNode:node_modules/@types/jest/node_modules/jest-matcher-utils Completed in 907ms
364 http fetch GET 200 https://registry.npmjs.org/@types/testing-library__jest-dom/-/testing-library__jest-dom-5.14.5.tgz 794ms (cache miss)
365 timing reifyNode:node_modules/@types/testing-library__jest-dom Completed in 910ms
366 http fetch GET 200 https://registry.npmjs.org/@types/react/-/react-18.0.28.tgz 811ms (cache miss)
367 http fetch GET 200 https://registry.npmjs.org/@types/react-dom/-/react-dom-18.0.11.tgz 820ms (cache miss)
368 timing reifyNode:node_modules/@types/react-dom Completed in 929ms
369 timing reifyNode:node_modules/@types/react Completed in 933ms
370 http fetch GET 200 https://registry.npmjs.org/chalk/-/chalk-3.0.0.tgz 737ms (cache miss)
371 timing reifyNode:node_modules/@testing-library/jest-dom/node_modules/chalk Completed in 936ms
372 http fetch GET 200 https://registry.npmjs.org/expect/-/expect-29.4.3.tgz 757ms (cache miss)
373 timing reifyNode:node_modules/@types/jest/node_modules/expect Completed in 960ms
374 http fetch GET 200 https://registry.npmjs.org/jest-util/-/jest-util-29.4.3.tgz 805ms (cache miss)
375 timing reifyNode:node_modules/@types/jest/node_modules/pretty-format Completed in 977ms
376 timing reifyNode:node_modules/@types/jest/node_modules/jest-util Completed in 982ms
377 http fetch GET 200 https://registry.npmjs.org/jest-diff/-/jest-diff-29.4.3.tgz 829ms (cache miss)
378 timing reifyNode:node_modules/@types/jest/node_modules/jest-diff Completed in 993ms
379 http fetch GET 200 https://registry.npmjs.org/@testing-library/jest-dom/-/jest-dom-5.16.5.tgz 896ms (cache miss)
380 timing reifyNode:node_modules/@testing-library/jest-dom Completed in 1038ms
381 http fetch GET 200 https://registry.npmjs.org/lz-string/-/lz-string-1.4.4.tgz 924ms (cache miss)
382 timing reifyNode:node_modules/lz-string Completed in 1044ms
383 http fetch GET 200 https://registry.npmjs.org/@adobe/css-tools/-/css-tools-4.1.0.tgz 947ms (cache miss)
384 timing reifyNode:node_modules/@adobe/css-tools Completed in 1089ms
385 http fetch GET 200 https://registry.npmjs.org/csstype/-/csstype-3.1.1.tgz 1046ms (cache miss)
386 timing reifyNode:node_modules/csstype Completed in 1146ms
387 http fetch GET 200 https://registry.npmjs.org/web-vitals/-/web-vitals-2.1.4.tgz 1026ms (cache miss)
388 http fetch GET 200 https://registry.npmjs.org/@sinclair/typebox/-/typebox-0.25.23.tgz 1006ms (cache miss)
389 timing reifyNode:node_modules/web-vitals Completed in 1159ms
390 timing reifyNode:node_modules/@types/jest/node_modules/@sinclair/typebox Completed in 1165ms
391 http fetch GET 200 https://registry.npmjs.org/dom-accessibility-api/-/dom-accessibility-api-0.5.16.tgz 1074ms (cache miss)
392 timing reifyNode:node_modules/dom-accessibility-api Completed in 1198ms
393 http fetch GET 200 https://registry.npmjs.org/@testing-library/user-event/-/user-event-13.5.0.tgz 1109ms (cache miss)
394 timing reifyNode:node_modules/@testing-library/user-event Completed in 1240ms
395 http fetch GET 200 https://registry.npmjs.org/@testing-library/dom/-/dom-9.0.0.tgz 1166ms (cache miss)
396 timing reifyNode:node_modules/@testing-library/dom Completed in 1295ms
397 http fetch GET 200 https://registry.npmjs.org/@testing-library/dom/-/dom-8.20.0.tgz 1111ms (cache miss)
398 timing reifyNode:node_modules/@testing-library/react/node_modules/@testing-library/dom Completed in 1309ms
399 http fetch GET 200 https://registry.npmjs.org/@testing-library/react/-/react-13.4.0.tgz 1178ms (cache miss)
400 timing reifyNode:node_modules/@testing-library/react Completed in 1320ms
401 timing reify:unpack Completed in 1328ms
402 timing reify:unretire Completed in 0ms
403 timing build:queue Completed in 8ms
404 timing build:link:node_modules/lz-string Completed in 4ms
405 timing build:link Completed in 5ms
406 timing build:deps Completed in 13ms
407 timing build Completed in 14ms
408 timing reify:build Completed in 16ms
409 timing reify:trash Completed in 1ms
410 timing reify:save Completed in 825ms
411 timing reify Completed in 8474ms
412 silly ADD node_modules/@jest/expect-utils
413 silly ADD node_modules/@jest/expect-utils/node_modules/jest-get-type
414 silly ADD node_modules/min-indent
415 silly ADD node_modules/strip-indent
416 silly ADD node_modules/indent-string
417 silly ADD node_modules/@types/jest
418 silly ADD node_modules/@types/jest/node_modules/has-flag
419 silly ADD node_modules/@types/jest/node_modules/react-is
420 silly ADD node_modules/@types/jest/node_modules/@sinclair/typebox
421 silly ADD node_modules/@types/jest/node_modules/@types/yargs
422 silly ADD node_modules/@types/jest/node_modules/@jest/schemas
423 silly ADD node_modules/@types/jest/node_modules/@jest/types
424 silly ADD node_modules/@types/jest/node_modules/diff-sequences
425 silly ADD node_modules/@types/jest/node_modules/color-name
426 silly ADD node_modules/@types/jest/node_modules/color-convert
427 silly ADD node_modules/@types/jest/node_modules/supports-color
428 silly ADD node_modules/@types/jest/node_modules/ansi-styles
429 silly ADD node_modules/@types/jest/node_modules/jest-diff
430 silly ADD node_modules/@types/jest/node_modules/chalk
431 silly ADD node_modules/@types/jest/node_modules/jest-util
432 silly ADD node_modules/@types/jest/node_modules/jest-message-util
433 silly ADD node_modules/@types/jest/node_modules/jest-matcher-utils
434 silly ADD node_modules/@types/jest/node_modules/jest-get-type
435 silly ADD node_modules/@types/jest/node_modules/pretty-format
436 silly ADD node_modules/@types/jest/node_modules/pretty-format/node_modules/ansi-styles
437 silly ADD node_modules/@types/jest/node_modules/expect
438 silly ADD node_modules/csstype
439 silly ADD node_modules/@types/scheduler
440 silly ADD node_modules/@types/prop-types
441 silly ADD node_modules/@types/react
442 silly ADD node_modules/@types/react-dom
443 silly ADD node_modules/redent
444 silly ADD node_modules/css.escape
445 silly ADD node_modules/@types/testing-library__jest-dom
446 silly ADD node_modules/@adobe/css-tools
447 silly ADD node_modules/lz-string
448 silly ADD node_modules/dom-accessibility-api
449 silly ADD node_modules/@types/aria-query
450 silly ADD node_modules/web-vitals
451 silly ADD node_modules/@testing-library/dom
452 silly ADD node_modules/@testing-library/dom/node_modules/has-flag
453 silly ADD node_modules/@testing-library/dom/node_modules/color-name
454 silly ADD node_modules/@testing-library/dom/node_modules/color-convert
455 silly ADD node_modules/@testing-library/dom/node_modules/supports-color
456 silly ADD node_modules/@testing-library/dom/node_modules/ansi-styles
457 silly ADD node_modules/@testing-library/dom/node_modules/chalk
458 silly ADD node_modules/@testing-library/user-event
459 silly ADD node_modules/@testing-library/react
460 silly ADD node_modules/@testing-library/react/node_modules/has-flag
461 silly ADD node_modules/@testing-library/react/node_modules/color-name
462 silly ADD node_modules/@testing-library/react/node_modules/color-convert
463 silly ADD node_modules/@testing-library/react/node_modules/supports-color
464 silly ADD node_modules/@testing-library/react/node_modules/ansi-styles
465 silly ADD node_modules/@testing-library/react/node_modules/chalk
466 silly ADD node_modules/@testing-library/react/node_modules/@testing-library/dom
467 silly ADD node_modules/@testing-library/jest-dom
468 silly ADD node_modules/@testing-library/jest-dom/node_modules/has-flag
469 silly ADD node_modules/@testing-library/jest-dom/node_modules/color-name
470 silly ADD node_modules/@testing-library/jest-dom/node_modules/color-convert
471 silly ADD node_modules/@testing-library/jest-dom/node_modules/supports-color
472 silly ADD node_modules/@testing-library/jest-dom/node_modules/ansi-styles
473 silly ADD node_modules/@testing-library/jest-dom/node_modules/chalk
474 silly ADD
475 timing command:install Completed in 8514ms
476 verbose exit 0
477 timing npm Completed in 8604ms
478 info ok
