0 verbose cli /usr/bin/node /usr/bin/npm
1 info using npm@8.19.2
2 info using node@v16.18.1
3 timing npm:load:whichnode Completed in 1ms
4 timing config:load:defaults Completed in 4ms
5 timing config:load:file:/usr/lib/node_modules/npm/npmrc Completed in 2ms
6 timing config:load:builtin Completed in 3ms
7 timing config:load:cli Completed in 4ms
8 timing config:load:env Completed in 1ms
9 timing config:load:project Completed in 2ms
10 timing config:load:file:/root/.npmrc Completed in 0ms
11 timing config:load:user Completed in 0ms
12 timing config:load:file:/usr/etc/npmrc Completed in 3ms
13 timing config:load:global Completed in 3ms
14 timing config:load:validate Completed in 1ms
15 timing config:load:credentials Completed in 2ms
16 timing config:load:setEnvs Completed in 2ms
17 timing config:load Completed in 25ms
18 timing npm:load:configload Completed in 25ms
19 timing npm:load:mkdirpcache Completed in 3ms
20 timing npm:load:mkdirplogs Completed in 1ms
21 verbose title npm install create-react-app
22 verbose argv "install" "--global" "create-react-app"
23 timing npm:load:setTitle Completed in 2ms
24 timing config:load:flatten Completed in 8ms
25 timing npm:load:display Completed in 13ms
26 verbose logfile logs-max:10 dir:/root/.npm/_logs
27 verbose logfile /root/.npm/_logs/2023-02-19T22_04_50_629Z-debug-0.log
28 timing npm:load:logFile Completed in 13ms
29 timing npm:load:timers Completed in 0ms
30 timing npm:load:configScope Completed in 0ms
31 timing npm:load Completed in 63ms
32 timing arborist:ctor Completed in 1ms
33 silly logfile done cleaning log files
34 timing idealTree:init Completed in 21ms
35 timing idealTree:userRequests Completed in 6ms
36 silly idealTree buildDeps
37 silly fetch manifest create-react-app@*
38 http fetch GET 200 https://registry.npmjs.org/create-react-app 446ms (cache miss)
39 silly placeDep ROOT create-react-app@5.0.1 OK for:  want: *
40 silly fetch manifest chalk@^4.1.2
41 silly fetch manifest commander@^4.1.1
42 silly fetch manifest cross-spawn@^7.0.3
43 silly fetch manifest envinfo@^7.8.1
44 silly fetch manifest fs-extra@^10.0.0
45 silly fetch manifest hyperquest@^2.1.3
46 silly fetch manifest prompts@^2.4.2
47 silly fetch manifest semver@^7.3.5
48 silly fetch manifest tar-pack@^3.4.1
49 silly fetch manifest tmp@^0.2.1
50 silly fetch manifest validate-npm-package-name@^3.0.0
51 http fetch GET 200 https://registry.npmjs.org/commander 100ms (cache miss)
52 http fetch GET 200 https://registry.npmjs.org/chalk 112ms (cache miss)
53 http fetch GET 200 https://registry.npmjs.org/hyperquest 215ms (cache miss)
54 http fetch GET 200 https://registry.npmjs.org/tar-pack 216ms (cache miss)
55 http fetch GET 200 https://registry.npmjs.org/validate-npm-package-name 214ms (cache miss)
56 http fetch GET 200 https://registry.npmjs.org/tmp 223ms (cache miss)
57 http fetch GET 200 https://registry.npmjs.org/cross-spawn 247ms (cache miss)
58 http fetch GET 200 https://registry.npmjs.org/prompts 247ms (cache miss)
59 http fetch GET 200 https://registry.npmjs.org/fs-extra 258ms (cache miss)
60 http fetch GET 200 https://registry.npmjs.org/semver 259ms (cache miss)
61 http fetch GET 200 https://registry.npmjs.org/envinfo 269ms (cache miss)
62 timing idealTree:#root Completed in 756ms
63 silly placeDep node_modules/create-react-app chalk@4.1.2 OK for: create-react-app@5.0.1 want: ^4.1.2
64 silly placeDep node_modules/create-react-app commander@4.1.1 OK for: create-react-app@5.0.1 want: ^4.1.1
65 silly placeDep node_modules/create-react-app cross-spawn@7.0.3 OK for: create-react-app@5.0.1 want: ^7.0.3
66 silly placeDep node_modules/create-react-app envinfo@7.8.1 OK for: create-react-app@5.0.1 want: ^7.8.1
67 silly placeDep node_modules/create-react-app fs-extra@10.1.0 OK for: create-react-app@5.0.1 want: ^10.0.0
68 silly placeDep node_modules/create-react-app hyperquest@2.1.3 OK for: create-react-app@5.0.1 want: ^2.1.3
69 silly placeDep node_modules/create-react-app prompts@2.4.2 OK for: create-react-app@5.0.1 want: ^2.4.2
70 silly placeDep node_modules/create-react-app semver@7.3.8 OK for: create-react-app@5.0.1 want: ^7.3.5
71 silly placeDep node_modules/create-react-app tar-pack@3.4.1 OK for: create-react-app@5.0.1 want: ^3.4.1
72 silly placeDep node_modules/create-react-app tmp@0.2.1 OK for: create-react-app@5.0.1 want: ^0.2.1
73 silly placeDep node_modules/create-react-app validate-npm-package-name@3.0.0 OK for: create-react-app@5.0.1 want: ^3.0.0
74 silly fetch manifest ansi-styles@^4.1.0
75 silly fetch manifest supports-color@^7.1.0
76 silly fetch manifest path-key@^3.1.0
77 silly fetch manifest shebang-command@^2.0.0
78 silly fetch manifest which@^2.0.1
79 silly fetch manifest graceful-fs@^4.2.0
80 silly fetch manifest jsonfile@^6.0.1
81 silly fetch manifest universalify@^2.0.0
82 silly fetch manifest buffer-from@^0.1.1
83 silly fetch manifest duplexer2@~0.0.2
84 silly fetch manifest through2@~0.6.3
85 silly fetch manifest kleur@^3.0.3
86 silly fetch manifest sisteransi@^1.0.5
87 silly fetch manifest lru-cache@^6.0.0
88 silly fetch manifest debug@^2.2.0
89 silly fetch manifest fstream@^1.0.10
90 silly fetch manifest fstream-ignore@^1.0.5
91 silly fetch manifest once@^1.3.3
92 silly fetch manifest readable-stream@^2.1.4
93 silly fetch manifest rimraf@^2.5.1
94 silly fetch manifest tar@^2.2.1
95 silly fetch manifest uid-number@^0.0.6
96 silly fetch manifest rimraf@^3.0.0
97 silly fetch manifest builtins@^1.0.3
98 http fetch GET 200 https://registry.npmjs.org/npm 1205ms (cache miss)
99 http fetch GET 200 https://registry.npmjs.org/shebang-command 378ms (cache miss)
100 http fetch GET 200 https://registry.npmjs.org/duplexer2 371ms (cache miss)
101 http fetch GET 200 https://registry.npmjs.org/buffer-from 379ms (cache miss)
102 http fetch GET 200 https://registry.npmjs.org/once 358ms (cache miss)
103 http fetch GET 200 https://registry.npmjs.org/fstream-ignore 364ms (cache miss)
104 http fetch GET 200 https://registry.npmjs.org/builtins 353ms (cache miss)
105 http fetch GET 200 https://registry.npmjs.org/path-key 396ms (cache miss)
106 http fetch GET 200 https://registry.npmjs.org/uid-number 361ms (cache miss)
107 http fetch GET 200 https://registry.npmjs.org/universalify 393ms (cache miss)
108 http fetch GET 200 https://registry.npmjs.org/ansi-styles 404ms (cache miss)
109 http fetch GET 200 https://registry.npmjs.org/fstream 381ms (cache miss)
110 http fetch GET 200 https://registry.npmjs.org/through2 397ms (cache miss)
111 http fetch GET 200 https://registry.npmjs.org/rimraf 377ms (cache miss)
112 http fetch GET 200 https://registry.npmjs.org/jsonfile 414ms (cache miss)
113 http fetch GET 200 https://registry.npmjs.org/sisteransi 403ms (cache miss)
114 http fetch GET 200 https://registry.npmjs.org/rimraf 389ms (cache miss)
115 http fetch GET 200 https://registry.npmjs.org/which 426ms (cache miss)
116 http fetch GET 200 https://registry.npmjs.org/readable-stream 403ms (cache miss)
117 http fetch GET 200 https://registry.npmjs.org/kleur 428ms (cache miss)
118 http fetch GET 200 https://registry.npmjs.org/supports-color 447ms (cache miss)
119 http fetch GET 200 https://registry.npmjs.org/graceful-fs 453ms (cache miss)
120 http fetch GET 200 https://registry.npmjs.org/tar 429ms (cache miss)
121 http fetch GET 200 https://registry.npmjs.org/debug 444ms (cache miss)
122 http fetch GET 200 https://registry.npmjs.org/lru-cache 453ms (cache miss)
123 timing idealTree:node_modules/create-react-app Completed in 528ms
124 silly placeDep node_modules/create-react-app ansi-styles@4.3.0 OK for: chalk@4.1.2 want: ^4.1.0
125 silly placeDep node_modules/create-react-app supports-color@7.2.0 OK for: chalk@4.1.2 want: ^7.1.0
126 silly fetch manifest color-convert@^2.0.1
127 silly fetch manifest has-flag@^4.0.0
128 http fetch GET 200 https://registry.npmjs.org/has-flag 30ms (cache miss)
129 http fetch GET 200 https://registry.npmjs.org/color-convert 35ms (cache miss)
130 timing idealTree:node_modules/create-react-app/node_modules/chalk Completed in 44ms
131 silly placeDep node_modules/create-react-app color-convert@2.0.1 OK for: ansi-styles@4.3.0 want: ^2.0.1
132 silly fetch manifest color-name@~1.1.4
133 http fetch GET 200 https://registry.npmjs.org/color-name 28ms (cache miss)
134 timing idealTree:node_modules/create-react-app/node_modules/ansi-styles Completed in 32ms
135 silly placeDep node_modules/create-react-app color-name@1.1.4 OK for: color-convert@2.0.1 want: ~1.1.4
136 timing idealTree:node_modules/create-react-app/node_modules/color-convert Completed in 2ms
137 timing idealTree:node_modules/create-react-app/node_modules/color-name Completed in 0ms
138 timing idealTree:node_modules/create-react-app/node_modules/commander Completed in 0ms
139 silly placeDep node_modules/create-react-app path-key@3.1.1 OK for: cross-spawn@7.0.3 want: ^3.1.0
140 silly placeDep node_modules/create-react-app shebang-command@2.0.0 OK for: cross-spawn@7.0.3 want: ^2.0.0
141 silly placeDep node_modules/create-react-app which@2.0.2 OK for: cross-spawn@7.0.3 want: ^2.0.1
142 silly fetch manifest shebang-regex@^3.0.0
143 silly fetch manifest isexe@^2.0.0
144 http fetch GET 200 https://registry.npmjs.org/isexe 57ms (cache miss)
145 http fetch GET 200 https://registry.npmjs.org/shebang-regex 61ms (cache miss)
146 timing idealTree:node_modules/create-react-app/node_modules/cross-spawn Completed in 71ms
147 timing idealTree:node_modules/create-react-app/node_modules/envinfo Completed in 0ms
148 silly placeDep node_modules/create-react-app graceful-fs@4.2.10 OK for: fs-extra@10.1.0 want: ^4.2.0
149 silly placeDep node_modules/create-react-app jsonfile@6.1.0 OK for: fs-extra@10.1.0 want: ^6.0.1
150 silly placeDep node_modules/create-react-app universalify@2.0.0 OK for: fs-extra@10.1.0 want: ^2.0.0
151 timing idealTree:node_modules/create-react-app/node_modules/fs-extra Completed in 14ms
152 timing idealTree:node_modules/create-react-app/node_modules/graceful-fs Completed in 0ms
153 silly placeDep node_modules/create-react-app buffer-from@0.1.2 OK for: hyperquest@2.1.3 want: ^0.1.1
154 silly placeDep node_modules/create-react-app duplexer2@0.0.2 OK for: hyperquest@2.1.3 want: ~0.0.2
155 silly placeDep node_modules/create-react-app through2@0.6.5 OK for: hyperquest@2.1.3 want: ~0.6.3
156 silly fetch manifest readable-stream@~1.1.9
157 silly fetch manifest readable-stream@>=1.0.33-1 <1.1.0-0
158 silly fetch manifest xtend@>=4.0.0 <4.1.0-0
159 http fetch GET 200 https://registry.npmjs.org/xtend 60ms (cache miss)
160 timing idealTree:node_modules/create-react-app/node_modules/hyperquest Completed in 81ms
161 timing idealTree:node_modules/create-react-app/node_modules/buffer-from Completed in 0ms
162 silly placeDep node_modules/create-react-app readable-stream@1.1.14 OK for: duplexer2@0.0.2 want: ~1.1.9
163 silly fetch manifest core-util-is@~1.0.0
164 silly fetch manifest isarray@0.0.1
165 silly fetch manifest string_decoder@~0.10.x
166 silly fetch manifest inherits@~2.0.1
167 http fetch GET 200 https://registry.npmjs.org/core-util-is 64ms (cache miss)
168 http fetch GET 200 https://registry.npmjs.org/inherits 61ms (cache miss)
169 http fetch GET 200 https://registry.npmjs.org/string_decoder 64ms (cache miss)
170 http fetch GET 200 https://registry.npmjs.org/isarray 67ms (cache miss)
171 timing idealTree:node_modules/create-react-app/node_modules/duplexer2 Completed in 80ms
172 timing idealTree:node_modules/create-react-app/node_modules/jsonfile Completed in 0ms
173 timing idealTree:node_modules/create-react-app/node_modules/path-key Completed in 0ms
174 silly placeDep node_modules/create-react-app kleur@3.0.3 OK for: prompts@2.4.2 want: ^3.0.3
175 silly placeDep node_modules/create-react-app sisteransi@1.0.5 OK for: prompts@2.4.2 want: ^1.0.5
176 timing idealTree:node_modules/create-react-app/node_modules/prompts Completed in 3ms
177 timing idealTree:node_modules/create-react-app/node_modules/kleur Completed in 0ms
178 silly placeDep node_modules/create-react-app core-util-is@1.0.3 OK for: readable-stream@1.1.14 want: ~1.0.0
179 silly placeDep node_modules/create-react-app inherits@2.0.4 OK for: readable-stream@1.1.14 want: ~2.0.1
180 silly placeDep node_modules/create-react-app isarray@0.0.1 OK for: readable-stream@1.1.14 want: 0.0.1
181 silly placeDep node_modules/create-react-app string_decoder@0.10.31 OK for: readable-stream@1.1.14 want: ~0.10.x
182 timing idealTree:node_modules/create-react-app/node_modules/readable-stream Completed in 8ms
183 timing idealTree:node_modules/create-react-app/node_modules/core-util-is Completed in 0ms
184 timing idealTree:node_modules/create-react-app/node_modules/inherits Completed in 0ms
185 timing idealTree:node_modules/create-react-app/node_modules/isarray Completed in 0ms
186 silly placeDep node_modules/create-react-app lru-cache@6.0.0 OK for: semver@7.3.8 want: ^6.0.0
187 silly fetch manifest yallist@^4.0.0
188 http fetch GET 200 https://registry.npmjs.org/yallist 49ms (cache miss)
189 timing idealTree:node_modules/create-react-app/node_modules/semver Completed in 54ms
190 silly placeDep node_modules/create-react-app yallist@4.0.0 OK for: lru-cache@6.0.0 want: ^4.0.0
191 timing idealTree:node_modules/create-react-app/node_modules/lru-cache Completed in 2ms
192 silly placeDep node_modules/create-react-app shebang-regex@3.0.0 OK for: shebang-command@2.0.0 want: ^3.0.0
193 timing idealTree:node_modules/create-react-app/node_modules/shebang-command Completed in 2ms
194 timing idealTree:node_modules/create-react-app/node_modules/shebang-regex Completed in 0ms
195 timing idealTree:node_modules/create-react-app/node_modules/sisteransi Completed in 0ms
196 timing idealTree:node_modules/create-react-app/node_modules/string_decoder Completed in 0ms
197 silly placeDep node_modules/create-react-app has-flag@4.0.0 OK for: supports-color@7.2.0 want: ^4.0.0
198 timing idealTree:node_modules/create-react-app/node_modules/supports-color Completed in 2ms
199 timing idealTree:node_modules/create-react-app/node_modules/has-flag Completed in 0ms
200 silly placeDep node_modules/create-react-app debug@2.6.9 OK for: tar-pack@3.4.1 want: ^2.2.0
201 silly placeDep node_modules/create-react-app fstream@1.0.12 OK for: tar-pack@3.4.1 want: ^1.0.10
202 silly placeDep node_modules/create-react-app fstream-ignore@1.0.5 OK for: tar-pack@3.4.1 want: ^1.0.5
203 silly placeDep node_modules/create-react-app once@1.4.0 OK for: tar-pack@3.4.1 want: ^1.3.3
204 silly placeDep node_modules/create-react-app/node_modules/tar-pack readable-stream@2.3.7 OK for: tar-pack@3.4.1 want: ^2.1.4
205 silly placeDep node_modules/create-react-app rimraf@2.7.1 OK for: tar-pack@3.4.1 want: ^2.5.1
206 silly placeDep node_modules/create-react-app tar@2.2.2 OK for: tar-pack@3.4.1 want: ^2.2.1
207 silly placeDep node_modules/create-react-app uid-number@0.0.6 OK for: tar-pack@3.4.1 want: ^0.0.6
208 silly fetch manifest ms@2.0.0
209 silly fetch manifest mkdirp@>=0.5 0
210 silly fetch manifest minimatch@^3.0.0
211 silly fetch manifest wrappy@1
212 silly fetch manifest isarray@~1.0.0
213 silly fetch manifest process-nextick-args@~2.0.0
214 silly fetch manifest safe-buffer@~5.1.1
215 silly fetch manifest string_decoder@~1.1.1
216 silly fetch manifest util-deprecate@~1.0.1
217 silly fetch manifest glob@^7.1.3
218 silly fetch manifest block-stream@*
219 http fetch GET 200 https://registry.npmjs.org/util-deprecate 84ms (cache miss)
220 http fetch GET 200 https://registry.npmjs.org/wrappy 90ms (cache miss)
221 http fetch GET 200 https://registry.npmjs.org/process-nextick-args 88ms (cache miss)
222 http fetch GET 200 https://registry.npmjs.org/block-stream 85ms (cache miss)
223 http fetch GET 200 https://registry.npmjs.org/mkdirp 95ms (cache miss)
224 http fetch GET 200 https://registry.npmjs.org/ms 99ms (cache miss)
225 http fetch GET 200 https://registry.npmjs.org/safe-buffer 94ms (cache miss)
226 http fetch GET 200 https://registry.npmjs.org/glob 92ms (cache miss)
227 http fetch GET 200 https://registry.npmjs.org/minimatch 105ms (cache miss)
228 timing idealTree:node_modules/create-react-app/node_modules/tar-pack Completed in 140ms
229 silly placeDep node_modules/create-react-app ms@2.0.0 OK for: debug@2.6.9 want: 2.0.0
230 timing idealTree:node_modules/create-react-app/node_modules/debug Completed in 2ms
231 silly placeDep node_modules/create-react-app mkdirp@0.5.6 OK for: fstream@1.0.12 want: >=0.5 0
232 silly fetch manifest minimist@^1.2.6
233 http fetch GET 200 https://registry.npmjs.org/minimist 46ms (cache miss)
234 timing idealTree:node_modules/create-react-app/node_modules/fstream Completed in 50ms
235 silly placeDep node_modules/create-react-app minimatch@3.1.2 OK for: fstream-ignore@1.0.5 want: ^3.0.0
236 silly fetch manifest brace-expansion@^1.1.7
237 http fetch GET 200 https://registry.npmjs.org/brace-expansion 27ms (cache miss)
238 timing idealTree:node_modules/create-react-app/node_modules/fstream-ignore Completed in 32ms
239 silly placeDep node_modules/create-react-app brace-expansion@1.1.11 OK for: minimatch@3.1.2 want: ^1.1.7
240 silly fetch manifest balanced-match@^1.0.0
241 silly fetch manifest concat-map@0.0.1
242 http fetch GET 200 https://registry.npmjs.org/concat-map 30ms (cache miss)
243 http fetch GET 200 https://registry.npmjs.org/balanced-match 33ms (cache miss)
244 timing idealTree:node_modules/create-react-app/node_modules/minimatch Completed in 36ms
245 silly placeDep node_modules/create-react-app balanced-match@1.0.2 OK for: brace-expansion@1.1.11 want: ^1.0.0
246 silly placeDep node_modules/create-react-app concat-map@0.0.1 OK for: brace-expansion@1.1.11 want: 0.0.1
247 timing idealTree:node_modules/create-react-app/node_modules/brace-expansion Completed in 7ms
248 timing idealTree:node_modules/create-react-app/node_modules/balanced-match Completed in 0ms
249 timing idealTree:node_modules/create-react-app/node_modules/concat-map Completed in 0ms
250 silly placeDep node_modules/create-react-app minimist@1.2.8 OK for: mkdirp@0.5.6 want: ^1.2.6
251 timing idealTree:node_modules/create-react-app/node_modules/mkdirp Completed in 2ms
252 timing idealTree:node_modules/create-react-app/node_modules/minimist Completed in 0ms
253 timing idealTree:node_modules/create-react-app/node_modules/ms Completed in 0ms
254 silly placeDep node_modules/create-react-app wrappy@1.0.2 OK for: once@1.4.0 want: 1
255 timing idealTree:node_modules/create-react-app/node_modules/once Completed in 2ms
256 silly placeDep node_modules/create-react-app glob@7.2.3 OK for: rimraf@2.7.1 want: ^7.1.3
257 silly fetch manifest fs.realpath@^1.0.0
258 silly fetch manifest inflight@^1.0.4
259 silly fetch manifest path-is-absolute@^1.0.0
260 http fetch GET 200 https://registry.npmjs.org/inflight 35ms (cache miss)
261 http fetch GET 200 https://registry.npmjs.org/path-is-absolute 43ms (cache miss)
262 http fetch GET 200 https://registry.npmjs.org/fs.realpath 46ms (cache miss)
263 timing idealTree:node_modules/create-react-app/node_modules/rimraf Completed in 51ms
264 silly placeDep node_modules/create-react-app fs.realpath@1.0.0 OK for: glob@7.2.3 want: ^1.0.0
265 silly placeDep node_modules/create-react-app inflight@1.0.6 OK for: glob@7.2.3 want: ^1.0.4
266 silly placeDep node_modules/create-react-app path-is-absolute@1.0.1 OK for: glob@7.2.3 want: ^1.0.0
267 timing idealTree:node_modules/create-react-app/node_modules/glob Completed in 5ms
268 timing idealTree:node_modules/create-react-app/node_modules/fs.realpath Completed in 0ms
269 timing idealTree:node_modules/create-react-app/node_modules/inflight Completed in 0ms
270 timing idealTree:node_modules/create-react-app/node_modules/path-is-absolute Completed in 0ms
271 silly placeDep node_modules/create-react-app block-stream@0.0.9 OK for: tar@2.2.2 want: *
272 timing idealTree:node_modules/create-react-app/node_modules/tar Completed in 2ms
273 timing idealTree:node_modules/create-react-app/node_modules/block-stream Completed in 0ms
274 silly placeDep node_modules/create-react-app/node_modules/through2 readable-stream@1.0.34 OK for: through2@0.6.5 want: >=1.0.33-1 <1.1.0-0
275 silly placeDep node_modules/create-react-app xtend@4.0.2 OK for: through2@0.6.5 want: >=4.0.0 <4.1.0-0
276 timing idealTree:node_modules/create-react-app/node_modules/through2 Completed in 4ms
277 silly placeDep node_modules/create-react-app/node_modules/tmp rimraf@3.0.2 OK for: tmp@0.2.1 want: ^3.0.0
278 timing idealTree:node_modules/create-react-app/node_modules/tmp Completed in 3ms
279 timing idealTree:node_modules/create-react-app/node_modules/uid-number Completed in 0ms
280 timing idealTree:node_modules/create-react-app/node_modules/universalify Completed in 0ms
281 silly placeDep node_modules/create-react-app builtins@1.0.3 OK for: validate-npm-package-name@3.0.0 want: ^1.0.3
282 timing idealTree:node_modules/create-react-app/node_modules/validate-npm-package-name Completed in 2ms
283 timing idealTree:node_modules/create-react-app/node_modules/builtins Completed in 0ms
284 silly placeDep node_modules/create-react-app isexe@2.0.0 OK for: which@2.0.2 want: ^2.0.0
285 timing idealTree:node_modules/create-react-app/node_modules/which Completed in 2ms
286 timing idealTree:node_modules/create-react-app/node_modules/isexe Completed in 0ms
287 timing idealTree:node_modules/create-react-app/node_modules/wrappy Completed in 0ms
288 timing idealTree:node_modules/create-react-app/node_modules/xtend Completed in 0ms
289 timing idealTree:node_modules/create-react-app/node_modules/yallist Completed in 0ms
290 silly placeDep node_modules/create-react-app/node_modules/tar-pack isarray@1.0.0 OK for: readable-stream@2.3.7 want: ~1.0.0
291 silly placeDep node_modules/create-react-app process-nextick-args@2.0.1 OK for: readable-stream@2.3.7 want: ~2.0.0
292 silly placeDep node_modules/create-react-app safe-buffer@5.1.2 OK for: readable-stream@2.3.7 want: ~5.1.1
293 silly placeDep node_modules/create-react-app/node_modules/tar-pack string_decoder@1.1.1 OK for: readable-stream@2.3.7 want: ~1.1.1
294 silly placeDep node_modules/create-react-app util-deprecate@1.0.2 OK for: readable-stream@2.3.7 want: ~1.0.1
295 timing idealTree:node_modules/create-react-app/node_modules/tar-pack/node_modules/readable-stream Completed in 10ms
296 timing idealTree:node_modules/create-react-app/node_modules/process-nextick-args Completed in 0ms
297 timing idealTree:node_modules/create-react-app/node_modules/safe-buffer Completed in 0ms
298 timing idealTree:node_modules/create-react-app/node_modules/util-deprecate Completed in 0ms
299 timing idealTree:node_modules/create-react-app/node_modules/tar-pack/node_modules/isarray Completed in 0ms
300 timing idealTree:node_modules/create-react-app/node_modules/tar-pack/node_modules/string_decoder Completed in 0ms
301 timing idealTree:node_modules/create-react-app/node_modules/through2/node_modules/readable-stream Completed in 1ms
302 timing idealTree:node_modules/create-react-app/node_modules/tmp/node_modules/rimraf Completed in 0ms
303 timing idealTree:buildDeps Completed in 2046ms
304 timing idealTree:fixDepFlags Completed in 3ms
305 timing idealTree Completed in 2081ms
306 timing reify:loadTrees Completed in 2086ms
307 timing reify:diffTrees Completed in 5ms
308 silly reify moves {}
309 timing reify:retireShallow Completed in 2ms
310 timing reify:createSparse Completed in 61ms
311 timing reify:loadBundles Completed in 0ms
312 silly audit bulk request {
312 silly audit   'create-react-app': [ '5.0.1' ],
312 silly audit   chalk: [ '4.1.2' ],
312 silly audit   commander: [ '4.1.1' ],
312 silly audit   'cross-spawn': [ '7.0.3' ],
312 silly audit   envinfo: [ '7.8.1' ],
312 silly audit   'fs-extra': [ '10.1.0' ],
312 silly audit   hyperquest: [ '2.1.3' ],
312 silly audit   prompts: [ '2.4.2' ],
312 silly audit   semver: [ '7.3.8' ],
312 silly audit   'tar-pack': [ '3.4.1' ],
312 silly audit   tmp: [ '0.2.1' ],
312 silly audit   'validate-npm-package-name': [ '3.0.0' ],
312 silly audit   'ansi-styles': [ '4.3.0' ],
312 silly audit   'supports-color': [ '7.2.0' ],
312 silly audit   'color-convert': [ '2.0.1' ],
312 silly audit   'color-name': [ '1.1.4' ],
312 silly audit   'path-key': [ '3.1.1' ],
312 silly audit   'shebang-command': [ '2.0.0' ],
312 silly audit   which: [ '2.0.2' ],
312 silly audit   'graceful-fs': [ '4.2.10' ],
312 silly audit   jsonfile: [ '6.1.0' ],
312 silly audit   universalify: [ '2.0.0' ],
312 silly audit   'buffer-from': [ '0.1.2' ],
312 silly audit   duplexer2: [ '0.0.2' ],
312 silly audit   through2: [ '0.6.5' ],
312 silly audit   'readable-stream': [ '1.1.14', '2.3.7', '1.0.34' ],
312 silly audit   kleur: [ '3.0.3' ],
312 silly audit   sisteransi: [ '1.0.5' ],
312 silly audit   'core-util-is': [ '1.0.3' ],
312 silly audit   inherits: [ '2.0.4' ],
312 silly audit   isarray: [ '0.0.1', '1.0.0' ],
312 silly audit   string_decoder: [ '0.10.31', '1.1.1' ],
312 silly audit   'lru-cache': [ '6.0.0' ],
312 silly audit   yallist: [ '4.0.0' ],
312 silly audit   'shebang-regex': [ '3.0.0' ],
312 silly audit   'has-flag': [ '4.0.0' ],
312 silly audit   debug: [ '2.6.9' ],
312 silly audit   fstream: [ '1.0.12' ],
312 silly audit   'fstream-ignore': [ '1.0.5' ],
312 silly audit   once: [ '1.4.0' ],
312 silly audit   rimraf: [ '2.7.1', '3.0.2' ],
312 silly audit   tar: [ '2.2.2' ],
312 silly audit   'uid-number': [ '0.0.6' ],
312 silly audit   ms: [ '2.0.0' ],
312 silly audit   mkdirp: [ '0.5.6' ],
312 silly audit   minimatch: [ '3.1.2' ],
312 silly audit   'brace-expansion': [ '1.1.11' ],
312 silly audit   'balanced-match': [ '1.0.2' ],
312 silly audit   'concat-map': [ '0.0.1' ],
312 silly audit   minimist: [ '1.2.8' ],
312 silly audit   wrappy: [ '1.0.2' ],
312 silly audit   glob: [ '7.2.3' ],
312 silly audit   'fs.realpath': [ '1.0.0' ],
312 silly audit   inflight: [ '1.0.6' ],
312 silly audit   'path-is-absolute': [ '1.0.1' ],
312 silly audit   'block-stream': [ '0.0.9' ],
312 silly audit   xtend: [ '4.0.2' ],
312 silly audit   builtins: [ '1.0.3' ],
312 silly audit   isexe: [ '2.0.0' ],
312 silly audit   'process-nextick-args': [ '2.0.1' ],
312 silly audit   'safe-buffer': [ '5.1.2' ],
312 silly audit   'util-deprecate': [ '1.0.2' ]
312 silly audit }
313 http fetch POST 200 https://registry.npmjs.org/-/npm/v1/security/advisories/bulk 94ms
314 timing auditReport:getReport Completed in 101ms
315 silly audit report {
315 silly audit report   tar: [
315 silly audit report     {
315 silly audit report       id: 1089663,
315 silly audit report       url: 'https://github.com/advisories/GHSA-5955-9wpr-37jh',
315 silly audit report       title: 'Arbitrary File Creation/Overwrite on Windows via insufficient relative path sanitization',
315 silly audit report       severity: 'high',
315 silly audit report       vulnerable_versions: '<4.4.18',
315 silly audit report       cwe: [Array],
315 silly audit report       cvss: [Object]
315 silly audit report     },
315 silly audit report     {
315 silly audit report       id: 1089685,
315 silly audit report       url: 'https://github.com/advisories/GHSA-3jfq-g458-7qm9',
315 silly audit report       title: 'Arbitrary File Creation/Overwrite due to insufficient absolute path sanitization',
315 silly audit report       severity: 'high',
315 silly audit report       vulnerable_versions: '<3.2.2',
315 silly audit report       cwe: [Array],
315 silly audit report       cvss: [Object]
315 silly audit report     },
315 silly audit report     {
315 silly audit report       id: 1088782,
315 silly audit report       url: 'https://github.com/advisories/GHSA-r628-mhmh-qjhw',
315 silly audit report       title: 'Arbitrary File Creation/Overwrite via insufficient symlink protection due to directory cache poisoning',
315 silly audit report       severity: 'high',
315 silly audit report       vulnerable_versions: '<3.2.3',
315 silly audit report       cwe: [Array],
315 silly audit report       cvss: [Object]
315 silly audit report     },
315 silly audit report     {
315 silly audit report       id: 1089138,
315 silly audit report       url: 'https://github.com/advisories/GHSA-qq89-hq3f-393p',
315 silly audit report       title: 'Arbitrary File Creation/Overwrite via insufficient symlink protection due to directory cache poisoning using symbolic links',
315 silly audit report       severity: 'high',
315 silly audit report       vulnerable_versions: '<4.4.18',
315 silly audit report       cwe: [Array],
315 silly audit report       cvss: [Object]
315 silly audit report     },
315 silly audit report     {
315 silly audit report       id: 1089141,
315 silly audit report       url: 'https://github.com/advisories/GHSA-9r2w-394v-53qc',
315 silly audit report       title: 'Arbitrary File Creation/Overwrite via insufficient symlink protection due to directory cache poisoning using symbolic links',
315 silly audit report       severity: 'high',
315 silly audit report       vulnerable_versions: '<4.4.16',
315 silly audit report       cwe: [Array],
315 silly audit report       cvss: [Object]
315 silly audit report     }
315 silly audit report   ]
315 silly audit report }
316 timing metavuln:packument:tar Completed in 1ms
317 timing metavuln:cache:get:security-advisory:tar:RibLZtnhLLjYiS5hxQI8DT9Vo1bTzW3M3HZ2aGQn7qyjErvD/0AN2FB9hDNnckfYPQvObr3iiufVRSPIzrQ5og== Completed in 24ms
318 timing metavuln:load:security-advisory:tar:1089663 Completed in 8ms
319 timing metavuln:cache:get:security-advisory:tar:Oa066nJpV2ox85F6qnk1N5eWmAmoWAMU7byYhWk4oYfHYrQ8aGHfCKRikfcy0dHDcKWKiPRc7Nz7R9fxKkj0Yw== Completed in 34ms
320 timing metavuln:load:security-advisory:tar:1089685 Completed in 7ms
321 timing metavuln:cache:get:security-advisory:tar:UQ0x0zTyGFx+qqxrFI6gsIuo0mX2xFL4syIrH7TFDa9r0L8SiBylqiI4HcJ8LZbxRYkZf3qqMMMqd16M9y+uhg== Completed in 42ms
322 timing metavuln:load:security-advisory:tar:1088782 Completed in 5ms
323 timing metavuln:cache:get:security-advisory:tar:Y5X7z0ak6PyHlkI3iXvnPpFnQdVDw8XuGAeHWF6K5mtXlK3noIG3FcFbsSKfyXFtaSQHOlV2Lf0M+oFoanFWvw== Completed in 46ms
324 timing metavuln:load:security-advisory:tar:1089138 Completed in 8ms
325 timing metavuln:cache:get:security-advisory:tar:EjVKBkw+Jp0A/iP0F+ZCXD19nRwyxuHwWo7umvz9JVmpKKm28CLff5JO45q5FkKVDo7P746FBgZZHOu55WvuEw== Completed in 55ms
326 timing metavuln:load:security-advisory:tar:1089141 Completed in 7ms
327 silly tarball no local data for create-react-app@https://registry.npmjs.org/create-react-app/-/create-react-app-5.0.1.tgz. Extracting by manifest.
328 silly tarball no local data for util-deprecate@https://registry.npmjs.org/util-deprecate/-/util-deprecate-1.0.2.tgz. Extracting by manifest.
329 silly tarball no local data for safe-buffer@https://registry.npmjs.org/safe-buffer/-/safe-buffer-5.1.2.tgz. Extracting by manifest.
330 silly tarball no local data for isexe@https://registry.npmjs.org/isexe/-/isexe-2.0.0.tgz. Extracting by manifest.
331 silly tarball no local data for builtins@https://registry.npmjs.org/builtins/-/builtins-1.0.3.tgz. Extracting by manifest.
332 silly tarball no local data for process-nextick-args@https://registry.npmjs.org/process-nextick-args/-/process-nextick-args-2.0.1.tgz. Extracting by manifest.
333 silly tarball no local data for xtend@https://registry.npmjs.org/xtend/-/xtend-4.0.2.tgz. Extracting by manifest.
334 silly tarball no local data for path-is-absolute@https://registry.npmjs.org/path-is-absolute/-/path-is-absolute-1.0.1.tgz. Extracting by manifest.
335 silly tarball no local data for block-stream@https://registry.npmjs.org/block-stream/-/block-stream-0.0.9.tgz. Extracting by manifest.
336 silly tarball no local data for inflight@https://registry.npmjs.org/inflight/-/inflight-1.0.6.tgz. Extracting by manifest.
337 silly tarball no local data for fs.realpath@https://registry.npmjs.org/fs.realpath/-/fs.realpath-1.0.0.tgz. Extracting by manifest.
338 silly tarball no local data for glob@https://registry.npmjs.org/glob/-/glob-7.2.3.tgz. Extracting by manifest.
339 silly tarball no local data for wrappy@https://registry.npmjs.org/wrappy/-/wrappy-1.0.2.tgz. Extracting by manifest.
340 silly tarball no local data for minimist@https://registry.npmjs.org/minimist/-/minimist-1.2.8.tgz. Extracting by manifest.
341 silly tarball no local data for concat-map@https://registry.npmjs.org/concat-map/-/concat-map-0.0.1.tgz. Extracting by manifest.
342 silly tarball no local data for balanced-match@https://registry.npmjs.org/balanced-match/-/balanced-match-1.0.2.tgz. Extracting by manifest.
343 silly tarball no local data for brace-expansion@https://registry.npmjs.org/brace-expansion/-/brace-expansion-1.1.11.tgz. Extracting by manifest.
344 silly tarball no local data for minimatch@https://registry.npmjs.org/minimatch/-/minimatch-3.1.2.tgz. Extracting by manifest.
345 silly tarball no local data for mkdirp@https://registry.npmjs.org/mkdirp/-/mkdirp-0.5.6.tgz. Extracting by manifest.
346 silly tarball no local data for ms@https://registry.npmjs.org/ms/-/ms-2.0.0.tgz. Extracting by manifest.
347 silly tarball no local data for uid-number@https://registry.npmjs.org/uid-number/-/uid-number-0.0.6.tgz. Extracting by manifest.
348 silly tarball no local data for tar@https://registry.npmjs.org/tar/-/tar-2.2.2.tgz. Extracting by manifest.
349 silly tarball no local data for rimraf@https://registry.npmjs.org/rimraf/-/rimraf-2.7.1.tgz. Extracting by manifest.
350 silly tarball no local data for once@https://registry.npmjs.org/once/-/once-1.4.0.tgz. Extracting by manifest.
351 silly tarball no local data for fstream-ignore@https://registry.npmjs.org/fstream-ignore/-/fstream-ignore-1.0.5.tgz. Extracting by manifest.
352 silly tarball no local data for fstream@https://registry.npmjs.org/fstream/-/fstream-1.0.12.tgz. Extracting by manifest.
353 silly tarball no local data for debug@https://registry.npmjs.org/debug/-/debug-2.6.9.tgz. Extracting by manifest.
354 silly tarball no local data for has-flag@https://registry.npmjs.org/has-flag/-/has-flag-4.0.0.tgz. Extracting by manifest.
355 silly tarball no local data for shebang-regex@https://registry.npmjs.org/shebang-regex/-/shebang-regex-3.0.0.tgz. Extracting by manifest.
356 silly tarball no local data for yallist@https://registry.npmjs.org/yallist/-/yallist-4.0.0.tgz. Extracting by manifest.
357 silly tarball no local data for lru-cache@https://registry.npmjs.org/lru-cache/-/lru-cache-6.0.0.tgz. Extracting by manifest.
358 silly tarball no local data for string_decoder@https://registry.npmjs.org/string_decoder/-/string_decoder-0.10.31.tgz. Extracting by manifest.
359 silly tarball no local data for isarray@https://registry.npmjs.org/isarray/-/isarray-0.0.1.tgz. Extracting by manifest.
360 silly tarball no local data for inherits@https://registry.npmjs.org/inherits/-/inherits-2.0.4.tgz. Extracting by manifest.
361 silly tarball no local data for core-util-is@https://registry.npmjs.org/core-util-is/-/core-util-is-1.0.3.tgz. Extracting by manifest.
362 silly tarball no local data for sisteransi@https://registry.npmjs.org/sisteransi/-/sisteransi-1.0.5.tgz. Extracting by manifest.
363 silly tarball no local data for kleur@https://registry.npmjs.org/kleur/-/kleur-3.0.3.tgz. Extracting by manifest.
364 silly tarball no local data for readable-stream@https://registry.npmjs.org/readable-stream/-/readable-stream-1.1.14.tgz. Extracting by manifest.
365 silly tarball no local data for through2@https://registry.npmjs.org/through2/-/through2-0.6.5.tgz. Extracting by manifest.
366 silly tarball no local data for readable-stream@https://registry.npmjs.org/readable-stream/-/readable-stream-1.0.34.tgz. Extracting by manifest.
367 silly tarball no local data for duplexer2@https://registry.npmjs.org/duplexer2/-/duplexer2-0.0.2.tgz. Extracting by manifest.
368 silly tarball no local data for buffer-from@https://registry.npmjs.org/buffer-from/-/buffer-from-0.1.2.tgz. Extracting by manifest.
369 silly tarball no local data for universalify@https://registry.npmjs.org/universalify/-/universalify-2.0.0.tgz. Extracting by manifest.
370 silly tarball no local data for jsonfile@https://registry.npmjs.org/jsonfile/-/jsonfile-6.1.0.tgz. Extracting by manifest.
371 silly tarball no local data for graceful-fs@https://registry.npmjs.org/graceful-fs/-/graceful-fs-4.2.10.tgz. Extracting by manifest.
372 silly tarball no local data for which@https://registry.npmjs.org/which/-/which-2.0.2.tgz. Extracting by manifest.
373 silly tarball no local data for shebang-command@https://registry.npmjs.org/shebang-command/-/shebang-command-2.0.0.tgz. Extracting by manifest.
374 silly tarball no local data for path-key@https://registry.npmjs.org/path-key/-/path-key-3.1.1.tgz. Extracting by manifest.
375 silly tarball no local data for color-name@https://registry.npmjs.org/color-name/-/color-name-1.1.4.tgz. Extracting by manifest.
376 silly tarball no local data for color-convert@https://registry.npmjs.org/color-convert/-/color-convert-2.0.1.tgz. Extracting by manifest.
377 silly tarball no local data for supports-color@https://registry.npmjs.org/supports-color/-/supports-color-7.2.0.tgz. Extracting by manifest.
378 silly tarball no local data for ansi-styles@https://registry.npmjs.org/ansi-styles/-/ansi-styles-4.3.0.tgz. Extracting by manifest.
379 silly tarball no local data for validate-npm-package-name@https://registry.npmjs.org/validate-npm-package-name/-/validate-npm-package-name-3.0.0.tgz. Extracting by manifest.
380 silly tarball no local data for tmp@https://registry.npmjs.org/tmp/-/tmp-0.2.1.tgz. Extracting by manifest.
381 silly tarball no local data for rimraf@https://registry.npmjs.org/rimraf/-/rimraf-3.0.2.tgz. Extracting by manifest.
382 silly tarball no local data for tar-pack@https://registry.npmjs.org/tar-pack/-/tar-pack-3.4.1.tgz. Extracting by manifest.
383 silly tarball no local data for string_decoder@https://registry.npmjs.org/string_decoder/-/string_decoder-1.1.1.tgz. Extracting by manifest.
384 silly tarball no local data for isarray@https://registry.npmjs.org/isarray/-/isarray-1.0.0.tgz. Extracting by manifest.
385 silly tarball no local data for readable-stream@https://registry.npmjs.org/readable-stream/-/readable-stream-2.3.7.tgz. Extracting by manifest.
386 silly tarball no local data for semver@https://registry.npmjs.org/semver/-/semver-7.3.8.tgz. Extracting by manifest.
387 silly tarball no local data for prompts@https://registry.npmjs.org/prompts/-/prompts-2.4.2.tgz. Extracting by manifest.
388 silly tarball no local data for hyperquest@https://registry.npmjs.org/hyperquest/-/hyperquest-2.1.3.tgz. Extracting by manifest.
389 silly tarball no local data for fs-extra@https://registry.npmjs.org/fs-extra/-/fs-extra-10.1.0.tgz. Extracting by manifest.
390 silly tarball no local data for envinfo@https://registry.npmjs.org/envinfo/-/envinfo-7.8.1.tgz. Extracting by manifest.
391 silly tarball no local data for cross-spawn@https://registry.npmjs.org/cross-spawn/-/cross-spawn-7.0.3.tgz. Extracting by manifest.
392 silly tarball no local data for commander@https://registry.npmjs.org/commander/-/commander-4.1.1.tgz. Extracting by manifest.
393 silly tarball no local data for chalk@https://registry.npmjs.org/chalk/-/chalk-4.1.2.tgz. Extracting by manifest.
394 timing metavuln:cache:put:security-advisory:tar:Oa066nJpV2ox85F6qnk1N5eWmAmoWAMU7byYhWk4oYfHYrQ8aGHfCKRikfcy0dHDcKWKiPRc7Nz7R9fxKkj0Yw== Completed in 912ms
395 timing metavuln:calculate:security-advisory:tar:1089685 Completed in 953ms
396 timing metavuln:cache:put:security-advisory:tar:Y5X7z0ak6PyHlkI3iXvnPpFnQdVDw8XuGAeHWF6K5mtXlK3noIG3FcFbsSKfyXFtaSQHOlV2Lf0M+oFoanFWvw== Completed in 898ms
397 timing metavuln:calculate:security-advisory:tar:1089138 Completed in 952ms
398 timing metavuln:cache:put:security-advisory:tar:EjVKBkw+Jp0A/iP0F+ZCXD19nRwyxuHwWo7umvz9JVmpKKm28CLff5JO45q5FkKVDo7P746FBgZZHOu55WvuEw== Completed in 891ms
399 timing metavuln:calculate:security-advisory:tar:1089141 Completed in 953ms
400 http fetch GET 200 https://registry.npmjs.org/builtins/-/builtins-1.0.3.tgz 894ms (cache miss)
401 timing reifyNode:node_modules/create-react-app/node_modules/builtins Completed in 1068ms
402 http fetch GET 200 https://registry.npmjs.org/process-nextick-args/-/process-nextick-args-2.0.1.tgz 894ms (cache miss)
403 timing reifyNode:node_modules/create-react-app/node_modules/process-nextick-args Completed in 1069ms
404 http fetch GET 200 https://registry.npmjs.org/block-stream/-/block-stream-0.0.9.tgz 889ms (cache miss)
405 timing reifyNode:node_modules/create-react-app/node_modules/block-stream Completed in 1070ms
406 http fetch GET 200 https://registry.npmjs.org/wrappy/-/wrappy-1.0.2.tgz 880ms (cache miss)
407 timing reifyNode:node_modules/create-react-app/node_modules/wrappy Completed in 1070ms
408 timing metavuln:cache:put:security-advisory:tar:RibLZtnhLLjYiS5hxQI8DT9Vo1bTzW3M3HZ2aGQn7qyjErvD/0AN2FB9hDNnckfYPQvObr3iiufVRSPIzrQ5og== Completed in 955ms
409 timing metavuln:calculate:security-advisory:tar:1089663 Completed in 988ms
410 timing metavuln:cache:put:security-advisory:tar:UQ0x0zTyGFx+qqxrFI6gsIuo0mX2xFL4syIrH7TFDa9r0L8SiBylqiI4HcJ8LZbxRYkZf3qqMMMqd16M9y+uhg== Completed in 940ms
411 timing metavuln:calculate:security-advisory:tar:1088782 Completed in 987ms
412 timing metavuln:packument:tar-pack Completed in 1ms
413 http fetch GET 200 https://registry.npmjs.org/mkdirp/-/mkdirp-0.5.6.tgz 880ms (cache miss)
414 timing reifyNode:node_modules/create-react-app/node_modules/mkdirp Completed in 1079ms
415 http fetch GET 200 https://registry.npmjs.org/balanced-match/-/balanced-match-1.0.2.tgz 887ms (cache miss)
416 timing reifyNode:node_modules/create-react-app/node_modules/balanced-match Completed in 1080ms
417 http fetch GET 200 https://registry.npmjs.org/once/-/once-1.4.0.tgz 872ms (cache miss)
418 timing reifyNode:node_modules/create-react-app/node_modules/once Completed in 1081ms
419 timing metavuln:cache:get:security-advisory:tar-pack:P+Qny0HSnG2vc0wNVjQpqCVs2oUSJTdfn3QRw6Z7zbfmuHivDHBCiae0PYWARJC0EXji9ZYbb843mJk2B08Aow== Completed in 10ms
420 timing metavuln:load:security-advisory:tar-pack:RibLZtnhLLjYiS5hxQI8DT9Vo1bTzW3M3HZ2aGQn7qyjErvD/0AN2FB9hDNnckfYPQvObr3iiufVRSPIzrQ5og== Completed in 7ms
421 http fetch GET 200 https://registry.npmjs.org/create-react-app/-/create-react-app-5.0.1.tgz 933ms (cache miss)
422 timing reifyNode:node_modules/create-react-app Completed in 1099ms
423 http fetch GET 200 https://registry.npmjs.org/uid-number/-/uid-number-0.0.6.tgz 894ms (cache miss)
424 timing reifyNode:node_modules/create-react-app/node_modules/uid-number Completed in 1097ms
425 http fetch GET 200 https://registry.npmjs.org/brace-expansion/-/brace-expansion-1.1.11.tgz 902ms (cache miss)
426 timing reifyNode:node_modules/create-react-app/node_modules/brace-expansion Completed in 1098ms
427 http fetch GET 200 https://registry.npmjs.org/shebang-regex/-/shebang-regex-3.0.0.tgz 869ms (cache miss)
428 timing reifyNode:node_modules/create-react-app/node_modules/shebang-regex Completed in 1100ms
429 http fetch GET 200 https://registry.npmjs.org/safe-buffer/-/safe-buffer-5.1.2.tgz 939ms (cache miss)
430 timing reifyNode:node_modules/create-react-app/node_modules/safe-buffer Completed in 1109ms
431 http fetch GET 200 https://registry.npmjs.org/path-is-absolute/-/path-is-absolute-1.0.1.tgz 929ms (cache miss)
432 timing reifyNode:node_modules/create-react-app/node_modules/path-is-absolute Completed in 1109ms
433 http fetch GET 200 https://registry.npmjs.org/isexe/-/isexe-2.0.0.tgz 938ms (cache miss)
434 timing reifyNode:node_modules/create-react-app/node_modules/isexe Completed in 1109ms
435 http fetch GET 200 https://registry.npmjs.org/util-deprecate/-/util-deprecate-1.0.2.tgz 942ms (cache miss)
436 timing reifyNode:node_modules/create-react-app/node_modules/util-deprecate Completed in 1111ms
437 http fetch GET 200 https://registry.npmjs.org/inflight/-/inflight-1.0.6.tgz 926ms (cache miss)
438 timing reifyNode:node_modules/create-react-app/node_modules/inflight Completed in 1109ms
439 http fetch GET 200 https://registry.npmjs.org/xtend/-/xtend-4.0.2.tgz 934ms (cache miss)
440 timing reifyNode:node_modules/create-react-app/node_modules/xtend Completed in 1111ms
441 http fetch GET 200 https://registry.npmjs.org/concat-map/-/concat-map-0.0.1.tgz 917ms (cache miss)
442 timing reifyNode:node_modules/create-react-app/node_modules/concat-map Completed in 1111ms
443 http fetch GET 200 https://registry.npmjs.org/rimraf/-/rimraf-2.7.1.tgz 903ms (cache miss)
444 timing reifyNode:node_modules/create-react-app/node_modules/rimraf Completed in 1110ms
445 http fetch GET 200 https://registry.npmjs.org/string_decoder/-/string_decoder-0.10.31.tgz 874ms (cache miss)
446 timing reifyNode:node_modules/create-react-app/node_modules/string_decoder Completed in 1110ms
447 http fetch GET 200 https://registry.npmjs.org/inherits/-/inherits-2.0.4.tgz 871ms (cache miss)
448 timing reifyNode:node_modules/create-react-app/node_modules/inherits Completed in 1110ms
449 http fetch GET 200 https://registry.npmjs.org/yallist/-/yallist-4.0.0.tgz 880ms (cache miss)
450 timing reifyNode:node_modules/create-react-app/node_modules/yallist Completed in 1113ms
451 http fetch GET 200 https://registry.npmjs.org/buffer-from/-/buffer-from-0.1.2.tgz 839ms (cache miss)
452 timing reifyNode:node_modules/create-react-app/node_modules/buffer-from Completed in 1111ms
453 http fetch GET 200 https://registry.npmjs.org/color-name/-/color-name-1.1.4.tgz 826ms (cache miss)
454 timing reifyNode:node_modules/create-react-app/node_modules/color-name Completed in 1112ms
455 http fetch GET 200 https://registry.npmjs.org/ms/-/ms-2.0.0.tgz 920ms (cache miss)
456 timing reifyNode:node_modules/create-react-app/node_modules/ms Completed in 1122ms
457 http fetch GET 200 https://registry.npmjs.org/fs.realpath/-/fs.realpath-1.0.0.tgz 939ms (cache miss)
458 timing reifyNode:node_modules/create-react-app/node_modules/fs.realpath Completed in 1124ms
459 http fetch GET 200 https://registry.npmjs.org/jsonfile/-/jsonfile-6.1.0.tgz 846ms (cache miss)
460 timing reifyNode:node_modules/create-react-app/node_modules/jsonfile Completed in 1122ms
461 http fetch GET 200 https://registry.npmjs.org/through2/-/through2-0.6.5.tgz 857ms (cache miss)
462 timing reifyNode:node_modules/create-react-app/node_modules/through2 Completed in 1124ms
463 http fetch GET 200 https://registry.npmjs.org/shebang-command/-/shebang-command-2.0.0.tgz 842ms (cache miss)
464 timing reifyNode:node_modules/create-react-app/node_modules/shebang-command Completed in 1124ms
465 http fetch GET 200 https://registry.npmjs.org/tmp/-/tmp-0.2.1.tgz 828ms (cache miss)
466 timing reifyNode:node_modules/create-react-app/node_modules/tmp Completed in 1124ms
467 http fetch GET 200 https://registry.npmjs.org/isarray/-/isarray-1.0.0.tgz 821ms (cache miss)
468 timing reifyNode:node_modules/create-react-app/node_modules/tar-pack/node_modules/isarray Completed in 1124ms
469 http fetch GET 200 https://registry.npmjs.org/fstream-ignore/-/fstream-ignore-1.0.5.tgz 919ms (cache miss)
470 timing reifyNode:node_modules/create-react-app/node_modules/fstream-ignore Completed in 1131ms
471 http fetch GET 200 https://registry.npmjs.org/isarray/-/isarray-0.0.1.tgz 894ms (cache miss)
472 timing reifyNode:node_modules/create-react-app/node_modules/isarray Completed in 1131ms
473 http fetch GET 200 https://registry.npmjs.org/lru-cache/-/lru-cache-6.0.0.tgz 899ms (cache miss)
474 timing reifyNode:node_modules/create-react-app/node_modules/lru-cache Completed in 1133ms
475 http fetch GET 200 https://registry.npmjs.org/kleur/-/kleur-3.0.3.tgz 885ms (cache miss)
476 timing reifyNode:node_modules/create-react-app/node_modules/kleur Completed in 1133ms
477 http fetch GET 200 https://registry.npmjs.org/string_decoder/-/string_decoder-1.1.1.tgz 832ms (cache miss)
478 timing reifyNode:node_modules/create-react-app/node_modules/tar-pack/node_modules/string_decoder Completed in 1133ms
479 http fetch GET 200 https://registry.npmjs.org/supports-color/-/supports-color-7.2.0.tgz 845ms (cache miss)
480 timing reifyNode:node_modules/create-react-app/node_modules/supports-color Completed in 1135ms
481 http fetch GET 200 https://registry.npmjs.org/validate-npm-package-name/-/validate-npm-package-name-3.0.0.tgz 844ms (cache miss)
482 timing reifyNode:node_modules/create-react-app/node_modules/validate-npm-package-name Completed in 1137ms
483 http fetch GET 200 https://registry.npmjs.org/glob/-/glob-7.2.3.tgz 958ms (cache miss)
484 timing reifyNode:node_modules/create-react-app/node_modules/glob Completed in 1145ms
485 http fetch GET 200 https://registry.npmjs.org/minimatch/-/minimatch-3.1.2.tgz 948ms (cache miss)
486 timing reifyNode:node_modules/create-react-app/node_modules/minimatch Completed in 1145ms
487 http fetch GET 200 https://registry.npmjs.org/core-util-is/-/core-util-is-1.0.3.tgz 902ms (cache miss)
488 timing reifyNode:node_modules/create-react-app/node_modules/core-util-is Completed in 1144ms
489 http fetch GET 200 https://registry.npmjs.org/sisteransi/-/sisteransi-1.0.5.tgz 900ms (cache miss)
490 timing reifyNode:node_modules/create-react-app/node_modules/sisteransi Completed in 1144ms
491 http fetch GET 200 https://registry.npmjs.org/has-flag/-/has-flag-4.0.0.tgz 923ms (cache miss)
492 timing reifyNode:node_modules/create-react-app/node_modules/has-flag Completed in 1147ms
493 http fetch GET 200 https://registry.npmjs.org/universalify/-/universalify-2.0.0.tgz 871ms (cache miss)
494 timing reifyNode:node_modules/create-react-app/node_modules/universalify Completed in 1145ms
495 http fetch GET 200 https://registry.npmjs.org/which/-/which-2.0.2.tgz 866ms (cache miss)
496 timing reifyNode:node_modules/create-react-app/node_modules/which Completed in 1146ms
497 http fetch GET 200 https://registry.npmjs.org/path-key/-/path-key-3.1.1.tgz 862ms (cache miss)
498 timing reifyNode:node_modules/create-react-app/node_modules/path-key Completed in 1146ms
499 http fetch GET 200 https://registry.npmjs.org/readable-stream/-/readable-stream-1.0.34.tgz 879ms (cache miss)
500 http fetch GET 200 https://registry.npmjs.org/duplexer2/-/duplexer2-0.0.2.tgz 877ms (cache miss)
501 timing reifyNode:node_modules/create-react-app/node_modules/duplexer2 Completed in 1148ms
502 http fetch GET 200 https://registry.npmjs.org/color-convert/-/color-convert-2.0.1.tgz 860ms (cache miss)
503 timing reifyNode:node_modules/create-react-app/node_modules/color-convert Completed in 1149ms
504 timing reifyNode:node_modules/create-react-app/node_modules/through2/node_modules/readable-stream Completed in 1156ms
505 http fetch GET 200 https://registry.npmjs.org/graceful-fs/-/graceful-fs-4.2.10.tgz 881ms (cache miss)
506 timing reifyNode:node_modules/create-react-app/node_modules/graceful-fs Completed in 1160ms
507 http fetch GET 200 https://registry.npmjs.org/rimraf/-/rimraf-3.0.2.tgz 862ms (cache miss)
508 timing reifyNode:node_modules/create-react-app/node_modules/tmp/node_modules/rimraf Completed in 1159ms
509 http fetch GET 200 https://registry.npmjs.org/tar-pack/-/tar-pack-3.4.1.tgz 861ms (cache miss)
510 http fetch GET 200 https://registry.npmjs.org/ansi-styles/-/ansi-styles-4.3.0.tgz 869ms (cache miss)
511 timing reifyNode:node_modules/create-react-app/node_modules/ansi-styles Completed in 1161ms
512 http fetch GET 200 https://registry.npmjs.org/cross-spawn/-/cross-spawn-7.0.3.tgz 832ms (cache miss)
513 timing reifyNode:node_modules/create-react-app/node_modules/cross-spawn Completed in 1160ms
514 http fetch GET 200 https://registry.npmjs.org/hyperquest/-/hyperquest-2.1.3.tgz 842ms (cache miss)
515 timing reifyNode:node_modules/create-react-app/node_modules/tar-pack Completed in 1169ms
516 http fetch GET 200 https://registry.npmjs.org/chalk/-/chalk-4.1.2.tgz 837ms (cache miss)
517 timing reifyNode:node_modules/create-react-app/node_modules/chalk Completed in 1169ms
518 http fetch GET 200 https://registry.npmjs.org/commander/-/commander-4.1.1.tgz 843ms (cache miss)
519 timing reifyNode:node_modules/create-react-app/node_modules/commander Completed in 1173ms
520 timing reifyNode:node_modules/create-react-app/node_modules/hyperquest Completed in 1177ms
521 http fetch GET 200 https://registry.npmjs.org/minimist/-/minimist-1.2.8.tgz 993ms (cache miss)
522 http fetch GET 200 https://registry.npmjs.org/debug/-/debug-2.6.9.tgz 965ms (cache miss)
523 timing reifyNode:node_modules/create-react-app/node_modules/debug Completed in 1184ms
524 timing reifyNode:node_modules/create-react-app/node_modules/minimist Completed in 1190ms
525 http fetch GET 200 https://registry.npmjs.org/readable-stream/-/readable-stream-1.1.14.tgz 923ms (cache miss)
526 timing reifyNode:node_modules/create-react-app/node_modules/readable-stream Completed in 1187ms
527 http fetch GET 200 https://registry.npmjs.org/envinfo/-/envinfo-7.8.1.tgz 865ms (cache miss)
528 timing reifyNode:node_modules/create-react-app/node_modules/envinfo Completed in 1191ms
529 http fetch GET 200 https://registry.npmjs.org/readable-stream/-/readable-stream-2.3.7.tgz 891ms (cache miss)
530 timing metavuln:cache:put:security-advisory:tar-pack:P+Qny0HSnG2vc0wNVjQpqCVs2oUSJTdfn3QRw6Z7zbfmuHivDHBCiae0PYWARJC0EXji9ZYbb843mJk2B08Aow== Completed in 108ms
531 timing metavuln:calculate:security-advisory:tar-pack:RibLZtnhLLjYiS5hxQI8DT9Vo1bTzW3M3HZ2aGQn7qyjErvD/0AN2FB9hDNnckfYPQvObr3iiufVRSPIzrQ5og== Completed in 125ms
532 timing auditReport:init Completed in 1119ms
533 timing reify:audit Completed in 1222ms
534 timing reifyNode:node_modules/create-react-app/node_modules/tar-pack/node_modules/readable-stream Completed in 1204ms
535 http fetch GET 200 https://registry.npmjs.org/fstream/-/fstream-1.0.12.tgz 996ms (cache miss)
536 timing reifyNode:node_modules/create-react-app/node_modules/fstream Completed in 1211ms
537 http fetch GET 200 https://registry.npmjs.org/semver/-/semver-7.3.8.tgz 927ms (cache miss)
538 timing reifyNode:node_modules/create-react-app/node_modules/semver Completed in 1235ms
539 http fetch GET 200 https://registry.npmjs.org/fs-extra/-/fs-extra-10.1.0.tgz 924ms (cache miss)
540 timing reifyNode:node_modules/create-react-app/node_modules/fs-extra Completed in 1248ms
541 http fetch GET 200 https://registry.npmjs.org/prompts/-/prompts-2.4.2.tgz 960ms (cache miss)
542 timing reifyNode:node_modules/create-react-app/node_modules/prompts Completed in 1269ms
543 http fetch GET 200 https://registry.npmjs.org/tar/-/tar-2.2.2.tgz 1097ms (cache miss)
544 warn deprecated tar@2.2.2: This version of tar is no longer supported, and will not receive security updates. Please upgrade asap.
545 timing reifyNode:node_modules/create-react-app/node_modules/tar Completed in 1304ms
546 timing reify:unpack Completed in 1309ms
547 timing reify:unretire Completed in 0ms
548 timing build:queue Completed in 7ms
549 timing build:link:node_modules/create-react-app Completed in 10ms
550 timing build:link:node_modules/create-react-app/node_modules/envinfo Completed in 9ms
551 timing build:link:node_modules/create-react-app/node_modules/tmp/node_modules/rimraf Completed in 8ms
552 timing build:link:node_modules/create-react-app/node_modules/mkdirp Completed in 9ms
553 timing build:link:node_modules/create-react-app/node_modules/rimraf Completed in 9ms
554 timing build:link:node_modules/create-react-app/node_modules/semver Completed in 9ms
555 timing build:link:node_modules/create-react-app/node_modules/which Completed in 9ms
556 timing build:link Completed in 11ms
557 timing build:deps Completed in 19ms
558 timing build Completed in 20ms
559 timing reify:build Completed in 20ms
560 timing reify:trash Completed in 0ms
561 timing reify Completed in 3632ms
562 silly ADD node_modules/create-react-app
563 silly ADD node_modules/create-react-app/node_modules/util-deprecate
564 silly ADD node_modules/create-react-app/node_modules/safe-buffer
565 silly ADD node_modules/create-react-app/node_modules/process-nextick-args
566 silly ADD node_modules/create-react-app/node_modules/isexe
567 silly ADD node_modules/create-react-app/node_modules/builtins
568 silly ADD node_modules/create-react-app/node_modules/xtend
569 silly ADD node_modules/create-react-app/node_modules/block-stream
570 silly ADD node_modules/create-react-app/node_modules/path-is-absolute
571 silly ADD node_modules/create-react-app/node_modules/inflight
572 silly ADD node_modules/create-react-app/node_modules/fs.realpath
573 silly ADD node_modules/create-react-app/node_modules/glob
574 silly ADD node_modules/create-react-app/node_modules/wrappy
575 silly ADD node_modules/create-react-app/node_modules/minimist
576 silly ADD node_modules/create-react-app/node_modules/concat-map
577 silly ADD node_modules/create-react-app/node_modules/balanced-match
578 silly ADD node_modules/create-react-app/node_modules/brace-expansion
579 silly ADD node_modules/create-react-app/node_modules/minimatch
580 silly ADD node_modules/create-react-app/node_modules/mkdirp
581 silly ADD node_modules/create-react-app/node_modules/ms
582 silly ADD node_modules/create-react-app/node_modules/uid-number
583 silly ADD node_modules/create-react-app/node_modules/tar
584 silly ADD node_modules/create-react-app/node_modules/rimraf
585 silly ADD node_modules/create-react-app/node_modules/once
586 silly ADD node_modules/create-react-app/node_modules/fstream-ignore
587 silly ADD node_modules/create-react-app/node_modules/fstream
588 silly ADD node_modules/create-react-app/node_modules/debug
589 silly ADD node_modules/create-react-app/node_modules/has-flag
590 silly ADD node_modules/create-react-app/node_modules/shebang-regex
591 silly ADD node_modules/create-react-app/node_modules/yallist
592 silly ADD node_modules/create-react-app/node_modules/lru-cache
593 silly ADD node_modules/create-react-app/node_modules/string_decoder
594 silly ADD node_modules/create-react-app/node_modules/isarray
595 silly ADD node_modules/create-react-app/node_modules/inherits
596 silly ADD node_modules/create-react-app/node_modules/core-util-is
597 silly ADD node_modules/create-react-app/node_modules/sisteransi
598 silly ADD node_modules/create-react-app/node_modules/kleur
599 silly ADD node_modules/create-react-app/node_modules/readable-stream
600 silly ADD node_modules/create-react-app/node_modules/through2
601 silly ADD node_modules/create-react-app/node_modules/through2/node_modules/readable-stream
602 silly ADD node_modules/create-react-app/node_modules/duplexer2
603 silly ADD node_modules/create-react-app/node_modules/buffer-from
604 silly ADD node_modules/create-react-app/node_modules/universalify
605 silly ADD node_modules/create-react-app/node_modules/jsonfile
606 silly ADD node_modules/create-react-app/node_modules/graceful-fs
607 silly ADD node_modules/create-react-app/node_modules/which
608 silly ADD node_modules/create-react-app/node_modules/shebang-command
609 silly ADD node_modules/create-react-app/node_modules/path-key
610 silly ADD node_modules/create-react-app/node_modules/color-name
611 silly ADD node_modules/create-react-app/node_modules/color-convert
612 silly ADD node_modules/create-react-app/node_modules/supports-color
613 silly ADD node_modules/create-react-app/node_modules/ansi-styles
614 silly ADD node_modules/create-react-app/node_modules/validate-npm-package-name
615 silly ADD node_modules/create-react-app/node_modules/tmp
616 silly ADD node_modules/create-react-app/node_modules/tmp/node_modules/rimraf
617 silly ADD node_modules/create-react-app/node_modules/tar-pack
618 silly ADD node_modules/create-react-app/node_modules/tar-pack/node_modules/string_decoder
619 silly ADD node_modules/create-react-app/node_modules/tar-pack/node_modules/isarray
620 silly ADD node_modules/create-react-app/node_modules/tar-pack/node_modules/readable-stream
621 silly ADD node_modules/create-react-app/node_modules/semver
622 silly ADD node_modules/create-react-app/node_modules/prompts
623 silly ADD node_modules/create-react-app/node_modules/hyperquest
624 silly ADD node_modules/create-react-app/node_modules/fs-extra
625 silly ADD node_modules/create-react-app/node_modules/envinfo
626 silly ADD node_modules/create-react-app/node_modules/cross-spawn
627 silly ADD node_modules/create-react-app/node_modules/commander
628 silly ADD node_modules/create-react-app/node_modules/chalk
629 timing command:install Completed in 3657ms
630 notice
630 notice New [31mmajor[39m version of npm available! [31m8.19.2[39m -> [32m9.5.0[39m
630 notice Changelog: [36mhttps://github.com/npm/cli/releases/tag/v9.5.0[39m
630 notice Run [32mnpm install -g npm@9.5.0[39m to update!
630 notice
631 verbose exit 0
632 timing npm Completed in 3896ms
633 info ok
